#
# There is insufficient memory for the Java Runtime Environment to continue.
# Native memory allocation (mmap) failed to map 130023424 bytes. Error detail: G1 virtual space
# Possible reasons:
#   The system is out of physical RAM or swap space
#   This process is running with CompressedOops enabled, and the Java Heap may be blocking the growth of the native heap
# Possible solutions:
#   Reduce memory load on the system
#   Increase physical memory or swap space
#   Check if swap backing store is full
#   Decrease Java heap size (-Xmx/-Xms)
#   Decrease number of Java threads
#   Decrease Java thread stack sizes (-Xss)
#   Set larger code cache with -XX:ReservedCodeCacheSize=
#   JVM is running with Zero Based Compressed Oops mode in which the Java heap is
#     placed in the first 32GB address space. The Java Heap base address is the
#     maximum limit for the native heap growth. Please use -XX:HeapBaseMinAddress
#     to set the Java Heap base and to place the Java Heap above 32GB virtual address.
# This output file may be truncated or incomplete.
#
#  Out of Memory Error (os_windows.cpp:3618), pid=10260, tid=20168
#
# JRE version: OpenJDK Runtime Environment Temurin-17.0.19+10 (17.0.19+10) (build 17.0.19+10)
# Java VM: OpenJDK 64-Bit Server VM Temurin-17.0.19+10 (17.0.19+10, mixed mode, sharing, tiered, compressed oops, compressed class ptrs, g1 gc, windows-amd64)
# No core dump will be written. Minidumps are not enabled by default on client versions of Windows
#

---------------  S U M M A R Y ------------

Command Line: --add-opens=java.base/java.lang=ALL-UNNAMED --add-opens=java.base/java.lang.invoke=ALL-UNNAMED --add-opens=java.base/java.util=ALL-UNNAMED --add-opens=java.prefs/java.util.prefs=ALL-UNNAMED --add-exports=jdk.compiler/com.sun.tools.javac.api=ALL-UNNAMED --add-exports=jdk.compiler/com.sun.tools.javac.util=ALL-UNNAMED --add-opens=java.base/java.util=ALL-UNNAMED --add-opens=java.prefs/java.util.prefs=ALL-UNNAMED --add-opens=java.base/java.nio.charset=ALL-UNNAMED --add-opens=java.base/java.net=ALL-UNNAMED --add-opens=java.base/java.util.concurrent.atomic=ALL-UNNAMED --add-opens=java.xml/javax.xml.namespace=ALL-UNNAMED -XX:MaxMetaspaceSize=1024m -Xmx3072m -Dfile.encoding=windows-1256 -Duser.country=US -Duser.language=en -Duser.variant -javaagent:C:\Users\ahmed.tharwat\.gradle\wrapper\dists\gradle-8.14.5-all\35nx8qz1bzp5iljybogx6e5b9\gradle-8.14.5\lib\agents\gradle-instrumentation-agent-8.14.5.jar org.gradle.launcher.daemon.bootstrap.GradleDaemon 8.14.5

Host: AMD Ryzen 5 4500U with Radeon Graphics         , 6 cores, 7G,  Windows 11 , 64 bit Build 22621 (10.0.22621.5415)
Time: Mon Jun 15 14:42:18 2026 Egypt Daylight Time elapsed time: 34.335317 seconds (0d 0h 0m 34s)

---------------  T H R E A D  ---------------

Current thread (0x000002b46f633d30):  VMThread "VM Thread" [stack: 0x000000de81e00000,0x000000de81f00000] [id=20168]

Stack: [0x000000de81e00000,0x000000de81f00000]
Native frames: (J=compiled Java code, j=interpreted, Vv=VM code, C=native code)
V  [jvm.dll+0x684b29]
V  [jvm.dll+0x83a2d5]
V  [jvm.dll+0x83bd4e]
V  [jvm.dll+0x83c3d3]
V  [jvm.dll+0x24905f]
V  [jvm.dll+0x6818e9]
V  [jvm.dll+0x6766ea]
V  [jvm.dll+0x3093b7]
V  [jvm.dll+0x3109a6]
V  [jvm.dll+0x360f1e]
V  [jvm.dll+0x36115d]
V  [jvm.dll+0x2e043c]
V  [jvm.dll+0x2de812]
V  [jvm.dll+0x2ddfac]
V  [jvm.dll+0x320c6b]
V  [jvm.dll+0x840bed]
V  [jvm.dll+0x841923]
V  [jvm.dll+0x841e4f]
V  [jvm.dll+0x842235]
V  [jvm.dll+0x8422fe]
V  [jvm.dll+0x7eaf1c]
V  [jvm.dll+0x6839f7]
C  [ucrtbase.dll+0x29333]
C  [KERNEL32.DLL+0x1259d]
C  [ntdll.dll+0x5af78]

VM_Operation (0x000000de83cfe810): G1CollectForAllocation, mode: safepoint, requested by thread 0x000002b46fb2f010


---------------  P R O C E S S  ---------------

Threads class SMR info:
_java_thread_list=0x000002b439e690d0, length=112, elements={
0x000002b44efd01b0, 0x000002b46f63eb50, 0x000002b46f63f9d0, 0x000002b46f652cf0,
0x000002b46f6555d0, 0x000002b46f655ea0, 0x000002b46f658c70, 0x000002b46f65e1d0,
0x000002b46f660380, 0x000002b46f66a8b0, 0x000002b46f873310, 0x000002b46f874240,
0x000002b46f874750, 0x000002b46f875b90, 0x000002b46f874c60, 0x000002b46f875170,
0x000002b46f873d30, 0x000002b46f875680, 0x000002b46f8760a0, 0x000002b46f8765b0,
0x000002b46f876ac0, 0x000002b46fb2e5f0, 0x000002b46fb2eb00, 0x000002b46fb31da0,
0x000002b46fb2f010, 0x000002b46fb30e70, 0x000002b46fb2f520, 0x000002b46fb31380,
0x000002b46fb2fa30, 0x000002b46fb31890, 0x000002b46fb2ff40, 0x000002b475ec95e0,
0x000002b475ec86b0, 0x000002b475ec2b90, 0x000002b475ec3fd0, 0x000002b475ec6d60,
0x000002b475ec5e30, 0x000002b475ec49f0, 0x000002b475ec8bc0, 0x000002b475ec35b0,
0x000002b475ec7c90, 0x000002b475ec81a0, 0x000002b475ec4f00, 0x000002b475ec90d0,
0x000002b475ec9af0, 0x000002b475ec5920, 0x000002b475eca000, 0x000002b475eca510,
0x000002b475ec3ac0, 0x000002b475ec44e0, 0x000002b475ec6340, 0x000002b475ec7270,
0x000002b475ec7780, 0x000002b47a690ec0, 0x000002b47a68f060, 0x000002b47a691df0,
0x000002b47a68f570, 0x000002b47a692810, 0x000002b47a68ff90, 0x000002b47a692300,
0x000002b47a6904a0, 0x000002b47a68fa80, 0x000002b47a6909b0, 0x000002b47a6913d0,
0x000002b47a6918e0, 0x000002b47999bbf0, 0x000002b47999a2a0, 0x000002b47999b6e0,
0x000002b479999370, 0x000002b4799a02d0, 0x000002b479999880, 0x000002b47999f3a0,
0x000002b47999c100, 0x000002b47999e470, 0x000002b479999d90, 0x000002b47999ee90,
0x000002b47999d540, 0x000002b47999a7b0, 0x000002b4799a07e0, 0x000002b47999df60,
0x000002b47999c610, 0x000002b47999cb20, 0x000002b47999fdc0, 0x000002b47999d030,
0x000002b47999da50, 0x000002b47999acc0, 0x000002b47999e980, 0x000002b47999f8b0,
0x000002b4799a0cf0, 0x000002b47999b1d0, 0x000002b476ea40c0, 0x000002b476ea4ff0,
0x000002b476ea6430, 0x000002b476eab020, 0x000002b476ea4ae0, 0x000002b478fe3470,
0x000002b476ea6940, 0x000002b476eaab10, 0x000002b43a2f1570, 0x000002b43a2f29b0,
0x000002b43a2f84d0, 0x000002b43a2f6670, 0x000002b43a2f8ef0, 0x000002b43a2f4d20,
0x000002b43a2f89e0, 0x000002b43a2f2ec0, 0x000002b43a2f5230, 0x000002b43a2f1f90,
0x000002b43a2f6b80, 0x000002b43a2f24a0, 0x000002b43a2f33d0, 0x000002b43a2f5c50
}

Java Threads: ( => current thread )
  0x000002b44efd01b0 JavaThread "main" [_thread_blocked, id=20092, stack(0x000000de81800000,0x000000de81900000)]
  0x000002b46f63eb50 JavaThread "Reference Handler" daemon [_thread_blocked, id=29156, stack(0x000000de81f00000,0x000000de82000000)]
  0x000002b46f63f9d0 JavaThread "Finalizer" daemon [_thread_blocked, id=24740, stack(0x000000de82000000,0x000000de82100000)]
  0x000002b46f652cf0 JavaThread "Signal Dispatcher" daemon [_thread_blocked, id=18048, stack(0x000000de82100000,0x000000de82200000)]
  0x000002b46f6555d0 JavaThread "Attach Listener" daemon [_thread_blocked, id=31496, stack(0x000000de82200000,0x000000de82300000)]
  0x000002b46f655ea0 JavaThread "Service Thread" daemon [_thread_blocked, id=29832, stack(0x000000de82300000,0x000000de82400000)]
  0x000002b46f658c70 JavaThread "Monitor Deflation Thread" daemon [_thread_blocked, id=2740, stack(0x000000de82400000,0x000000de82500000)]
  0x000002b46f65e1d0 JavaThread "C2 CompilerThread0" daemon [_thread_in_native, id=13164, stack(0x000000de82500000,0x000000de82600000)]
  0x000002b46f660380 JavaThread "C1 CompilerThread0" daemon [_thread_blocked, id=12284, stack(0x000000de82600000,0x000000de82700000)]
  0x000002b46f66a8b0 JavaThread "Sweeper thread" daemon [_thread_blocked, id=24632, stack(0x000000de82700000,0x000000de82800000)]
  0x000002b46f873310 JavaThread "Common-Cleaner" daemon [_thread_blocked, id=17224, stack(0x000000de82800000,0x000000de82900000)]
  0x000002b46f874240 JavaThread "Notification Thread" daemon [_thread_blocked, id=24588, stack(0x000000de82900000,0x000000de82a00000)]
  0x000002b46f874750 JavaThread "Daemon health stats" [_thread_blocked, id=7908, stack(0x000000de83100000,0x000000de83200000)]
  0x000002b46f875b90 JavaThread "Incoming local TCP Connector on port 61840" [_thread_in_native, id=2692, stack(0x000000de83200000,0x000000de83300000)]
  0x000002b46f874c60 JavaThread "Daemon periodic checks" [_thread_blocked, id=19260, stack(0x000000de83300000,0x000000de83400000)]
  0x000002b46f875170 JavaThread "Daemon" [_thread_blocked, id=20472, stack(0x000000de83400000,0x000000de83500000)]
  0x000002b46f873d30 JavaThread "Handler for socket connection from /127.0.0.1:61840 to /127.0.0.1:61841" [_thread_in_native, id=21056, stack(0x000000de83500000,0x000000de83600000)]
  0x000002b46f875680 JavaThread "Cancel handler" [_thread_blocked, id=16464, stack(0x000000de83600000,0x000000de83700000)]
  0x000002b46f8760a0 JavaThread "Daemon worker" [_thread_blocked, id=24824, stack(0x000000de83700000,0x000000de83800000)]
  0x000002b46f8765b0 JavaThread "Asynchronous log dispatcher for DefaultDaemonConnection: socket connection from /127.0.0.1:61840 to /127.0.0.1:61841" [_thread_blocked, id=2104, stack(0x000000de83800000,0x000000de83900000)]
  0x000002b46f876ac0 JavaThread "Stdin handler" [_thread_blocked, id=8396, stack(0x000000de83900000,0x000000de83a00000)]
  0x000002b46fb2e5f0 JavaThread "Daemon client event forwarder" [_thread_blocked, id=25344, stack(0x000000de83a00000,0x000000de83b00000)]
  0x000002b46fb2eb00 JavaThread "Cache worker for journal cache (C:\Users\ahmed.tharwat\.gradle\caches\journal-1)" [_thread_blocked, id=13708, stack(0x000000de83000000,0x000000de83100000)]
  0x000002b46fb31da0 JavaThread "File lock request listener" [_thread_in_native, id=16676, stack(0x000000de83b00000,0x000000de83c00000)]
  0x000002b46fb2f010 JavaThread "Cache worker for file hash cache (C:\Users\ahmed.tharwat\.gradle\caches\8.14.5\fileHashes)" [_thread_blocked, id=7424, stack(0x000000de83c00000,0x000000de83d00000)]
  0x000002b46fb30e70 JavaThread "Cache worker for file hash cache (D:\purchasing\android\.gradle\8.14.5\fileHashes)" [_thread_blocked, id=3936, stack(0x000000de83e00000,0x000000de83f00000)]
  0x000002b46fb2f520 JavaThread "Cache worker for Build Output Cleanup Cache (D:\purchasing\android\.gradle\buildOutputCleanup)" [_thread_blocked, id=11268, stack(0x000000de83f00000,0x000000de84000000)]
  0x000002b46fb31380 JavaThread "File watcher server" daemon [_thread_in_native, id=20740, stack(0x000000de84100000,0x000000de84200000)]
  0x000002b46fb2fa30 JavaThread "File watcher consumer" daemon [_thread_blocked, id=20332, stack(0x000000de84200000,0x000000de84300000)]
  0x000002b46fb31890 JavaThread "Cache worker for checksums cache (D:\purchasing\android\.gradle\8.14.5\checksums)" [_thread_blocked, id=16308, stack(0x000000de84300000,0x000000de84400000)]
  0x000002b46fb2ff40 JavaThread "Cache worker for file content cache (C:\Users\ahmed.tharwat\.gradle\caches\8.14.5\fileContent)" [_thread_blocked, id=26824, stack(0x000000de84400000,0x000000de84500000)]
  0x000002b475ec95e0 JavaThread "Cache worker for cache directory md-supplier (C:\Users\ahmed.tharwat\.gradle\caches\8.14.5\md-supplier)" [_thread_blocked, id=21736, stack(0x000000de84500000,0x000000de84600000)]
  0x000002b475ec86b0 JavaThread "Cache worker for cache directory md-rule (C:\Users\ahmed.tharwat\.gradle\caches\8.14.5\md-rule)" [_thread_blocked, id=11688, stack(0x000000de84600000,0x000000de84700000)]
  0x000002b475ec2b90 JavaThread "Cache worker for Build Output Cleanup Cache (D:\SDKs\flutter\flutter\packages\flutter_tools\gradle\.gradle\buildOutputCleanup)" [_thread_blocked, id=23856, stack(0x000000de84700000,0x000000de84800000)]
  0x000002b475ec3fd0 JavaThread "Unconstrained build operations" [_thread_blocked, id=16968, stack(0x000000de84800000,0x000000de84900000)]
  0x000002b475ec6d60 JavaThread "Unconstrained build operations Thread 2" [_thread_blocked, id=24900, stack(0x000000de84900000,0x000000de84a00000)]
  0x000002b475ec5e30 JavaThread "Unconstrained build operations Thread 3" [_thread_blocked, id=3196, stack(0x000000de84a00000,0x000000de84b00000)]
  0x000002b475ec49f0 JavaThread "Unconstrained build operations Thread 4" [_thread_blocked, id=8972, stack(0x000000de84b00000,0x000000de84c00000)]
  0x000002b475ec8bc0 JavaThread "Unconstrained build operations Thread 5" [_thread_blocked, id=27632, stack(0x000000de84c00000,0x000000de84d00000)]
  0x000002b475ec35b0 JavaThread "Unconstrained build operations Thread 6" [_thread_blocked, id=13372, stack(0x000000de84d00000,0x000000de84e00000)]
  0x000002b475ec7c90 JavaThread "Unconstrained build operations Thread 7" [_thread_blocked, id=25708, stack(0x000000de84e00000,0x000000de84f00000)]
  0x000002b475ec81a0 JavaThread "Unconstrained build operations Thread 8" [_thread_blocked, id=648, stack(0x000000de84f00000,0x000000de85000000)]
  0x000002b475ec4f00 JavaThread "Unconstrained build operations Thread 9" [_thread_blocked, id=18196, stack(0x000000de85000000,0x000000de85100000)]
  0x000002b475ec90d0 JavaThread "Unconstrained build operations Thread 10" [_thread_blocked, id=7236, stack(0x000000de85100000,0x000000de85200000)]
  0x000002b475ec9af0 JavaThread "Unconstrained build operations Thread 11" [_thread_blocked, id=27268, stack(0x000000de85200000,0x000000de85300000)]
  0x000002b475ec5920 JavaThread "Unconstrained build operations Thread 12" [_thread_blocked, id=2364, stack(0x000000de85300000,0x000000de85400000)]
  0x000002b475eca000 JavaThread "Unconstrained build operations Thread 13" [_thread_blocked, id=30012, stack(0x000000de85400000,0x000000de85500000)]
  0x000002b475eca510 JavaThread "Unconstrained build operations Thread 14" [_thread_blocked, id=30560, stack(0x000000de85500000,0x000000de85600000)]
  0x000002b475ec3ac0 JavaThread "Unconstrained build operations Thread 15" [_thread_blocked, id=4060, stack(0x000000de85600000,0x000000de85700000)]
  0x000002b475ec44e0 JavaThread "Memory manager" [_thread_blocked, id=21428, stack(0x000000de85700000,0x000000de85800000)]
  0x000002b475ec6340 JavaThread "build event listener" [_thread_blocked, id=29892, stack(0x000000de83d00000,0x000000de83e00000)]
  0x000002b475ec7270 JavaThread "included builds" [_thread_blocked, id=12152, stack(0x000000de85900000,0x000000de85a00000)]
  0x000002b475ec7780 JavaThread "Execution worker" [_thread_blocked, id=24948, stack(0x000000de85a00000,0x000000de85b00000)]
  0x000002b47a690ec0 JavaThread "Execution worker Thread 2" [_thread_blocked, id=7136, stack(0x000000de85b00000,0x000000de85c00000)]
  0x000002b47a68f060 JavaThread "Execution worker Thread 3" [_thread_blocked, id=10688, stack(0x000000de85c00000,0x000000de85d00000)]
  0x000002b47a691df0 JavaThread "Execution worker Thread 4" [_thread_blocked, id=26412, stack(0x000000de85d00000,0x000000de85e00000)]
  0x000002b47a68f570 JavaThread "Execution worker Thread 5" [_thread_blocked, id=27472, stack(0x000000de85e00000,0x000000de85f00000)]
  0x000002b47a692810 JavaThread "Cache worker for execution history cache (D:\SDKs\flutter\flutter\packages\flutter_tools\gradle\.gradle\8.14.5\executionHistory)" [_thread_blocked, id=1908, stack(0x000000de85f00000,0x000000de86000000)]
  0x000002b47a68ff90 JavaThread "Unconstrained build operations Thread 16" [_thread_blocked, id=6924, stack(0x000000de86000000,0x000000de86100000)]
  0x000002b47a692300 JavaThread "Unconstrained build operations Thread 17" [_thread_blocked, id=26112, stack(0x000000de86100000,0x000000de86200000)]
  0x000002b47a6904a0 JavaThread "Unconstrained build operations Thread 18" [_thread_blocked, id=31020, stack(0x000000de86200000,0x000000de86300000)]
  0x000002b47a68fa80 JavaThread "Unconstrained build operations Thread 19" [_thread_blocked, id=27980, stack(0x000000de86300000,0x000000de86400000)]
  0x000002b47a6909b0 JavaThread "Unconstrained build operations Thread 20" [_thread_blocked, id=2788, stack(0x000000de86400000,0x000000de86500000)]
  0x000002b47a6913d0 JavaThread "Unconstrained build operations Thread 21" [_thread_blocked, id=24484, stack(0x000000de86500000,0x000000de86600000)]
  0x000002b47a6918e0 JavaThread "Unconstrained build operations Thread 22" [_thread_blocked, id=17460, stack(0x000000de86600000,0x000000de86700000)]
  0x000002b47999bbf0 JavaThread "Unconstrained build operations Thread 23" [_thread_blocked, id=30944, stack(0x000000de86700000,0x000000de86800000)]
  0x000002b47999a2a0 JavaThread "Unconstrained build operations Thread 24" [_thread_blocked, id=8924, stack(0x000000de86800000,0x000000de86900000)]
  0x000002b47999b6e0 JavaThread "Unconstrained build operations Thread 25" [_thread_blocked, id=20120, stack(0x000000de86900000,0x000000de86a00000)]
  0x000002b479999370 JavaThread "Unconstrained build operations Thread 26" [_thread_blocked, id=19496, stack(0x000000de86a00000,0x000000de86b00000)]
  0x000002b4799a02d0 JavaThread "Unconstrained build operations Thread 27" [_thread_blocked, id=20320, stack(0x000000de86b00000,0x000000de86c00000)]
  0x000002b479999880 JavaThread "Unconstrained build operations Thread 28" [_thread_blocked, id=19752, stack(0x000000de86c00000,0x000000de86d00000)]
  0x000002b47999f3a0 JavaThread "Unconstrained build operations Thread 29" [_thread_blocked, id=18600, stack(0x000000de86d00000,0x000000de86e00000)]
  0x000002b47999c100 JavaThread "Unconstrained build operations Thread 30" [_thread_blocked, id=10296, stack(0x000000de86e00000,0x000000de86f00000)]
  0x000002b47999e470 JavaThread "Unconstrained build operations Thread 31" [_thread_blocked, id=21700, stack(0x000000de86f00000,0x000000de87000000)]
  0x000002b479999d90 JavaThread "Unconstrained build operations Thread 32" [_thread_blocked, id=27756, stack(0x000000de87000000,0x000000de87100000)]
  0x000002b47999ee90 JavaThread "Unconstrained build operations Thread 33" [_thread_blocked, id=24728, stack(0x000000de87100000,0x000000de87200000)]
  0x000002b47999d540 JavaThread "Unconstrained build operations Thread 34" [_thread_blocked, id=24192, stack(0x000000de87200000,0x000000de87300000)]
  0x000002b47999a7b0 JavaThread "Unconstrained build operations Thread 35" [_thread_blocked, id=19556, stack(0x000000de87300000,0x000000de87400000)]
  0x000002b4799a07e0 JavaThread "Unconstrained build operations Thread 36" [_thread_blocked, id=13680, stack(0x000000de87400000,0x000000de87500000)]
  0x000002b47999df60 JavaThread "Unconstrained build operations Thread 37" [_thread_blocked, id=6340, stack(0x000000de87500000,0x000000de87600000)]
  0x000002b47999c610 JavaThread "Unconstrained build operations Thread 38" [_thread_blocked, id=30852, stack(0x000000de85800000,0x000000de85900000)]
  0x000002b47999cb20 JavaThread "Unconstrained build operations Thread 39" [_thread_blocked, id=1148, stack(0x000000de87600000,0x000000de87700000)]
  0x000002b47999fdc0 JavaThread "Unconstrained build operations Thread 40" [_thread_blocked, id=27072, stack(0x000000de87700000,0x000000de87800000)]
  0x000002b47999d030 JavaThread "Unconstrained build operations Thread 41" [_thread_blocked, id=26464, stack(0x000000de87800000,0x000000de87900000)]
  0x000002b47999da50 JavaThread "Unconstrained build operations Thread 42" [_thread_blocked, id=23228, stack(0x000000de87900000,0x000000de87a00000)]
  0x000002b47999acc0 JavaThread "Unconstrained build operations Thread 43" [_thread_blocked, id=24780, stack(0x000000de87a00000,0x000000de87b00000)]
  0x000002b47999e980 JavaThread "Unconstrained build operations Thread 44" [_thread_blocked, id=14240, stack(0x000000de87b00000,0x000000de87c00000)]
  0x000002b47999f8b0 JavaThread "Unconstrained build operations Thread 45" [_thread_blocked, id=19036, stack(0x000000de87c00000,0x000000de87d00000)]
  0x000002b4799a0cf0 JavaThread "Unconstrained build operations Thread 46" [_thread_blocked, id=15824, stack(0x000000de87d00000,0x000000de87e00000)]
  0x000002b47999b1d0 JavaThread "Unconstrained build operations Thread 47" [_thread_blocked, id=7632, stack(0x000000de87e00000,0x000000de87f00000)]
  0x000002b476ea40c0 JavaThread "Unconstrained build operations Thread 48" [_thread_blocked, id=13000, stack(0x000000de87f00000,0x000000de88000000)]
  0x000002b476ea4ff0 JavaThread "Unconstrained build operations Thread 49" [_thread_blocked, id=30628, stack(0x000000de88000000,0x000000de88100000)]
  0x000002b476ea6430 JavaThread "Unconstrained build operations Thread 50" [_thread_blocked, id=11392, stack(0x000000de88100000,0x000000de88200000)]
  0x000002b476eab020 JavaThread "Unconstrained build operations Thread 51" [_thread_blocked, id=19696, stack(0x000000de88200000,0x000000de88300000)]
  0x000002b476ea4ae0 JavaThread "Unconstrained build operations Thread 52" [_thread_blocked, id=26056, stack(0x000000de88300000,0x000000de88400000)]
  0x000002b478fe3470 JavaThread "C2 CompilerThread1" daemon [_thread_blocked, id=8472, stack(0x000000de88400000,0x000000de88500000)]
  0x000002b476ea6940 JavaThread "build event listener" [_thread_blocked, id=20676, stack(0x000000de88500000,0x000000de88600000)]
  0x000002b476eaab10 JavaThread "jar transforms" [_thread_blocked, id=23904, stack(0x000000de88600000,0x000000de88700000)]
  0x000002b43a2f1570 JavaThread "Unconstrained build operations Thread 53" [_thread_blocked, id=6836, stack(0x000000de88700000,0x000000de88800000)]
  0x000002b43a2f29b0 JavaThread "Unconstrained build operations Thread 54" [_thread_blocked, id=6688, stack(0x000000de88800000,0x000000de88900000)]
  0x000002b43a2f84d0 JavaThread "Unconstrained build operations Thread 55" [_thread_blocked, id=15368, stack(0x000000de88900000,0x000000de88a00000)]
  0x000002b43a2f6670 JavaThread "Unconstrained build operations Thread 56" [_thread_blocked, id=18016, stack(0x000000de88a00000,0x000000de88b00000)]
  0x000002b43a2f8ef0 JavaThread "Unconstrained build operations Thread 57" [_thread_blocked, id=1532, stack(0x000000de88b00000,0x000000de88c00000)]
  0x000002b43a2f4d20 JavaThread "Unconstrained build operations Thread 58" [_thread_blocked, id=6320, stack(0x000000de88c00000,0x000000de88d00000)]
  0x000002b43a2f89e0 JavaThread "Unconstrained build operations Thread 59" [_thread_blocked, id=3200, stack(0x000000de88d00000,0x000000de88e00000)]
  0x000002b43a2f2ec0 JavaThread "Unconstrained build operations Thread 60" [_thread_blocked, id=3908, stack(0x000000de88e00000,0x000000de88f00000)]
  0x000002b43a2f5230 JavaThread "jar transforms Thread 2" [_thread_blocked, id=23776, stack(0x000000de88f00000,0x000000de89000000)]
  0x000002b43a2f1f90 JavaThread "Problems report writer" [_thread_blocked, id=31584, stack(0x000000de89000000,0x000000de89100000)]
  0x000002b43a2f6b80 JavaThread "jar transforms Thread 3" [_thread_blocked, id=13840, stack(0x000000de89100000,0x000000de89200000)]
  0x000002b43a2f24a0 JavaThread "jar transforms Thread 4" [_thread_blocked, id=4192, stack(0x000000de89200000,0x000000de89300000)]
  0x000002b43a2f33d0 JavaThread "jar transforms Thread 5" [_thread_blocked, id=12944, stack(0x000000de89300000,0x000000de89400000)]
  0x000002b43a2f5c50 JavaThread "jar transforms Thread 6" [_thread_blocked, id=28552, stack(0x000000de89400000,0x000000de89500000)]

Other Threads:
=>0x000002b46f633d30 VMThread "VM Thread" [stack: 0x000000de81e00000,0x000000de81f00000] [id=20168]
  0x000002b46f9261e0 WatcherThread [stack: 0x000000de82a00000,0x000000de82b00000] [id=7768]
  0x000002b44f028b20 GCTaskThread "GC Thread#0" [stack: 0x000000de81900000,0x000000de81a00000] [id=7800]
  0x000002b474058770 GCTaskThread "GC Thread#1" [stack: 0x000000de82c00000,0x000000de82d00000] [id=11624]
  0x000002b474058a30 GCTaskThread "GC Thread#2" [stack: 0x000000de82d00000,0x000000de82e00000] [id=22824]
  0x000002b474ef9c50 GCTaskThread "GC Thread#3" [stack: 0x000000de82e00000,0x000000de82f00000] [id=21996]
  0x000002b474ef9410 GCTaskThread "GC Thread#4" [stack: 0x000000de82f00000,0x000000de83000000] [id=23988]
  0x000002b474ef9f10 GCTaskThread "GC Thread#5" [stack: 0x000000de82b00000,0x000000de82c00000] [id=27568]
  0x000002b44f035a70 ConcurrentGCThread "G1 Main Marker" [stack: 0x000000de81a00000,0x000000de81b00000] [id=11288]
  0x000002b44f036490 ConcurrentGCThread "G1 Conc#0" [stack: 0x000000de81b00000,0x000000de81c00000] [id=27704]
  0x000002b474efaa10 ConcurrentGCThread "G1 Conc#1" [stack: 0x000000de84000000,0x000000de84100000] [id=7480]
  0x000002b44f07dc00 ConcurrentGCThread "G1 Refine#0" [stack: 0x000000de81c00000,0x000000de81d00000] [id=15456]
  0x000002b44f07e630 ConcurrentGCThread "G1 Service" [stack: 0x000000de81d00000,0x000000de81e00000] [id=7428]

Threads with active compile tasks:
C2 CompilerThread0  34379 14217       4       org.gradle.internal.execution.impl.DefaultInputFingerprinter::fingerprintInputProperties (41 bytes)
C2 CompilerThread1  34379 14220       4       org.gradle.internal.execution.impl.DefaultInputFingerprinter$InputCollectingVisitor::complete (37 bytes)

VM state: at safepoint (normal execution)

VM Mutex/Monitor currently owned by a thread:  ([mutex/lock_event])
[0x000002b44efcd710] Threads_lock - owner thread: 0x000002b46f633d30
[0x000002b44efcc510] Heap_lock - owner thread: 0x000002b46fb2f010

Heap address: 0x0000000740000000, size: 3072 MB, Compressed Oops mode: Zero based, Oop shift amount: 3

CDS archive(s) mapped at: [0x000002b400000000-0x000002b400bb0000-0x000002b400bb0000), size 12255232, SharedBaseAddress: 0x000002b400000000, ArchiveRelocationMode: 1.
Compressed class space mapped at: 0x000002b401000000-0x000002b435000000, reserved size: 872415232
Narrow klass base: 0x000002b400000000, Narrow klass shift: 0, Narrow klass range: 0x100000000

GC Precious Log:
 CPUs: 6 total, 6 available
 Memory: 7367M
 Large Page Support: Disabled
 NUMA Support: Disabled
 Compressed Oops: Enabled (Zero based)
 Heap Region Size: 2M
 Heap Min Capacity: 8M
 Heap Initial Capacity: 116M
 Heap Max Capacity: 3G
 Pre-touch: Disabled
 Parallel Workers: 6
 Concurrent Workers: 2
 Concurrent Refinement Workers: 6
 Periodic GC: Disabled

Heap:
 garbage-first heap   total 282624K, used 156021K [0x0000000740000000, 0x0000000800000000)
  region size 2048K, 3 young (6144K), 3 survivors (6144K)
 Metaspace       used 103913K, committed 104960K, reserved 983040K
  class space    used 14435K, committed 14976K, reserved 851968K

Heap Regions: E=young(eden), S=young(survivor), O=old, HS=humongous(starts), HC=humongous(continues), CS=collection set, F=free, OA=open archive, CA=closed archive, TAMS=top-at-mark-start (previous, next)
|   0|0x0000000740000000, 0x0000000740200000, 0x0000000740200000|100%|HS|  |TAMS 0x0000000740200000, 0x0000000740000000| Complete 
|   1|0x0000000740200000, 0x0000000740400000, 0x0000000740400000|100%|HC|  |TAMS 0x0000000740400000, 0x0000000740200000| Complete 
|   2|0x0000000740400000, 0x0000000740600000, 0x0000000740600000|100%| O|  |TAMS 0x0000000740600000, 0x0000000740400000| Untracked 
|   3|0x0000000740600000, 0x0000000740800000, 0x0000000740800000|100%| O|  |TAMS 0x0000000740800000, 0x0000000740600000| Untracked 
|   4|0x0000000740800000, 0x0000000740a00000, 0x0000000740a00000|100%| O|  |TAMS 0x0000000740a00000, 0x0000000740800000| Untracked 
|   5|0x0000000740a00000, 0x0000000740c00000, 0x0000000740c00000|100%| O|  |TAMS 0x0000000740c00000, 0x0000000740a00000| Untracked 
|   6|0x0000000740c00000, 0x0000000740e00000, 0x0000000740e00000|100%| O|  |TAMS 0x0000000740e00000, 0x0000000740c00000| Untracked 
|   7|0x0000000740e00000, 0x0000000741000000, 0x0000000741000000|100%| O|  |TAMS 0x0000000741000000, 0x0000000740e00000| Untracked 
|   8|0x0000000741000000, 0x0000000741200000, 0x0000000741200000|100%| O|  |TAMS 0x0000000741200000, 0x0000000741000000| Untracked 
|   9|0x0000000741200000, 0x0000000741400000, 0x0000000741400000|100%| O|  |TAMS 0x0000000741400000, 0x0000000741200000| Untracked 
|  10|0x0000000741400000, 0x0000000741600000, 0x0000000741600000|100%| O|  |TAMS 0x0000000741600000, 0x0000000741400000| Untracked 
|  11|0x0000000741600000, 0x0000000741800000, 0x0000000741800000|100%| O|  |TAMS 0x0000000741800000, 0x0000000741600000| Untracked 
|  12|0x0000000741800000, 0x0000000741a00000, 0x0000000741a00000|100%| O|  |TAMS 0x0000000741a00000, 0x0000000741800000| Untracked 
|  13|0x0000000741a00000, 0x0000000741c00000, 0x0000000741c00000|100%| O|  |TAMS 0x0000000741c00000, 0x0000000741a00000| Untracked 
|  14|0x0000000741c00000, 0x0000000741e00000, 0x0000000741e00000|100%| O|  |TAMS 0x0000000741e00000, 0x0000000741c00000| Untracked 
|  15|0x0000000741e00000, 0x0000000742000000, 0x0000000742000000|100%| O|  |TAMS 0x0000000742000000, 0x0000000741e00000| Untracked 
|  16|0x0000000742000000, 0x0000000742200000, 0x0000000742200000|100%| O|  |TAMS 0x0000000742200000, 0x0000000742000000| Untracked 
|  17|0x0000000742200000, 0x0000000742400000, 0x0000000742400000|100%| O|  |TAMS 0x0000000742400000, 0x0000000742200000| Untracked 
|  18|0x0000000742400000, 0x0000000742600000, 0x0000000742600000|100%|HS|  |TAMS 0x0000000742600000, 0x0000000742400000| Complete 
|  19|0x0000000742600000, 0x0000000742800000, 0x0000000742800000|100%|HS|  |TAMS 0x0000000742800000, 0x0000000742600000| Complete 
|  20|0x0000000742800000, 0x0000000742a00000, 0x0000000742a00000|100%| O|  |TAMS 0x0000000742a00000, 0x0000000742800000| Untracked 
|  21|0x0000000742a00000, 0x0000000742c00000, 0x0000000742c00000|100%| O|  |TAMS 0x0000000742c00000, 0x0000000742a00000| Untracked 
|  22|0x0000000742c00000, 0x0000000742e00000, 0x0000000742e00000|100%| O|  |TAMS 0x0000000742e00000, 0x0000000742c00000| Untracked 
|  23|0x0000000742e00000, 0x0000000743000000, 0x0000000743000000|100%| O|  |TAMS 0x0000000742e00000, 0x0000000742e00000| Untracked 
|  24|0x0000000743000000, 0x0000000743200000, 0x0000000743200000|100%| O|  |TAMS 0x0000000743200000, 0x0000000743000000| Untracked 
|  25|0x0000000743200000, 0x0000000743400000, 0x0000000743400000|100%| O|  |TAMS 0x0000000743400000, 0x0000000743200000| Untracked 
|  26|0x0000000743400000, 0x0000000743600000, 0x0000000743600000|100%| O|  |TAMS 0x0000000743600000, 0x0000000743400000| Untracked 
|  27|0x0000000743600000, 0x0000000743800000, 0x0000000743800000|100%| O|  |TAMS 0x0000000743800000, 0x0000000743600000| Untracked 
|  28|0x0000000743800000, 0x0000000743a00000, 0x0000000743a00000|100%|HS|  |TAMS 0x0000000743a00000, 0x0000000743800000| Complete 
|  29|0x0000000743a00000, 0x0000000743c00000, 0x0000000743c00000|100%| O|  |TAMS 0x0000000743c00000, 0x0000000743a00000| Untracked 
|  30|0x0000000743c00000, 0x0000000743e00000, 0x0000000743e00000|100%| O|  |TAMS 0x0000000743e00000, 0x0000000743c00000| Untracked 
|  31|0x0000000743e00000, 0x0000000744000000, 0x0000000744000000|100%| O|  |TAMS 0x0000000744000000, 0x0000000743e00000| Untracked 
|  32|0x0000000744000000, 0x0000000744200000, 0x0000000744200000|100%| O|  |TAMS 0x0000000744200000, 0x0000000744000000| Untracked 
|  33|0x0000000744200000, 0x0000000744400000, 0x0000000744400000|100%| O|  |TAMS 0x0000000744400000, 0x0000000744200000| Untracked 
|  34|0x0000000744400000, 0x0000000744600000, 0x0000000744600000|100%| O|  |TAMS 0x0000000744600000, 0x0000000744400000| Untracked 
|  35|0x0000000744600000, 0x0000000744800000, 0x0000000744800000|100%| O|  |TAMS 0x0000000744800000, 0x0000000744600000| Untracked 
|  36|0x0000000744800000, 0x0000000744a00000, 0x0000000744a00000|100%| O|  |TAMS 0x0000000744a00000, 0x0000000744800000| Untracked 
|  37|0x0000000744a00000, 0x0000000744c00000, 0x0000000744c00000|100%| O|  |TAMS 0x0000000744c00000, 0x0000000744a00000| Untracked 
|  38|0x0000000744c00000, 0x0000000744e00000, 0x0000000744e00000|100%| O|  |TAMS 0x0000000744e00000, 0x0000000744c00000| Untracked 
|  39|0x0000000744e00000, 0x0000000745000000, 0x0000000745000000|100%| O|  |TAMS 0x0000000744e00000, 0x0000000744e00000| Untracked 
|  40|0x0000000745000000, 0x0000000745200000, 0x0000000745200000|100%| O|  |TAMS 0x0000000745200000, 0x0000000745000000| Untracked 
|  41|0x0000000745200000, 0x0000000745400000, 0x0000000745400000|100%| O|  |TAMS 0x0000000745400000, 0x0000000745200000| Untracked 
|  42|0x0000000745400000, 0x0000000745600000, 0x0000000745600000|100%| O|  |TAMS 0x0000000745600000, 0x0000000745400000| Untracked 
|  43|0x0000000745600000, 0x0000000745800000, 0x0000000745800000|100%| O|  |TAMS 0x0000000745703600, 0x0000000745600000| Untracked 
|  44|0x0000000745800000, 0x0000000745a00000, 0x0000000745a00000|100%| O|  |TAMS 0x0000000745800000, 0x0000000745800000| Untracked 
|  45|0x0000000745a00000, 0x0000000745c00000, 0x0000000745c00000|100%| O|  |TAMS 0x0000000745a00000, 0x0000000745a00000| Untracked 
|  46|0x0000000745c00000, 0x0000000745e00000, 0x0000000745e00000|100%| O|  |TAMS 0x0000000745c00000, 0x0000000745c00000| Untracked 
|  47|0x0000000745e00000, 0x0000000746000000, 0x0000000746000000|100%| O|  |TAMS 0x0000000745e00000, 0x0000000745e00000| Untracked 
|  48|0x0000000746000000, 0x0000000746200000, 0x0000000746200000|100%| O|  |TAMS 0x0000000746000000, 0x0000000746000000| Untracked 
|  49|0x0000000746200000, 0x0000000746400000, 0x0000000746400000|100%| O|  |TAMS 0x0000000746200000, 0x0000000746200000| Untracked 
|  50|0x0000000746400000, 0x0000000746600000, 0x0000000746600000|100%| O|  |TAMS 0x0000000746400000, 0x0000000746400000| Untracked 
|  51|0x0000000746600000, 0x0000000746800000, 0x0000000746800000|100%| O|  |TAMS 0x0000000746600000, 0x0000000746600000| Untracked 
|  52|0x0000000746800000, 0x0000000746a00000, 0x0000000746a00000|100%| O|  |TAMS 0x0000000746800000, 0x0000000746800000| Untracked 
|  53|0x0000000746a00000, 0x0000000746c00000, 0x0000000746c00000|100%| O|  |TAMS 0x0000000746a00000, 0x0000000746a00000| Untracked 
|  54|0x0000000746c00000, 0x0000000746e00000, 0x0000000746e00000|100%| O|  |TAMS 0x0000000746c00000, 0x0000000746c00000| Untracked 
|  55|0x0000000746e00000, 0x0000000747000000, 0x0000000747000000|100%| O|  |TAMS 0x0000000746e00000, 0x0000000746e00000| Untracked 
|  56|0x0000000747000000, 0x0000000747200000, 0x0000000747200000|100%| O|  |TAMS 0x0000000747000000, 0x0000000747000000| Untracked 
|  57|0x0000000747200000, 0x0000000747400000, 0x0000000747400000|100%| O|  |TAMS 0x0000000747200000, 0x0000000747200000| Untracked 
|  58|0x0000000747400000, 0x0000000747600000, 0x0000000747600000|100%| O|  |TAMS 0x0000000747400000, 0x0000000747400000| Untracked 
|  59|0x0000000747600000, 0x0000000747800000, 0x0000000747800000|100%| O|  |TAMS 0x0000000747600000, 0x0000000747600000| Untracked 
|  60|0x0000000747800000, 0x0000000747a00000, 0x0000000747a00000|100%| O|  |TAMS 0x0000000747800000, 0x0000000747800000| Untracked 
|  61|0x0000000747a00000, 0x0000000747c00000, 0x0000000747c00000|100%| O|  |TAMS 0x0000000747a00000, 0x0000000747a00000| Untracked 
|  62|0x0000000747c00000, 0x0000000747e00000, 0x0000000747e00000|100%| O|  |TAMS 0x0000000747c00000, 0x0000000747c00000| Untracked 
|  63|0x0000000747e00000, 0x0000000748000000, 0x0000000748000000|100%| O|  |TAMS 0x0000000747e00000, 0x0000000747e00000| Untracked 
|  64|0x0000000748000000, 0x0000000748200000, 0x0000000748200000|100%| O|  |TAMS 0x0000000748000000, 0x0000000748000000| Untracked 
|  65|0x0000000748200000, 0x0000000748400000, 0x0000000748400000|100%| O|  |TAMS 0x0000000748200000, 0x0000000748200000| Untracked 
|  66|0x0000000748400000, 0x0000000748600000, 0x0000000748600000|100%| O|  |TAMS 0x0000000748400000, 0x0000000748400000| Untracked 
|  67|0x0000000748600000, 0x0000000748800000, 0x0000000748800000|100%| O|  |TAMS 0x0000000748600000, 0x0000000748600000| Untracked 
|  68|0x0000000748800000, 0x0000000748a00000, 0x0000000748a00000|100%| O|  |TAMS 0x0000000748800000, 0x0000000748800000| Untracked 
|  69|0x0000000748a00000, 0x0000000748c00000, 0x0000000748c00000|100%| O|  |TAMS 0x0000000748a00000, 0x0000000748a00000| Untracked 
|  70|0x0000000748c00000, 0x0000000748e00000, 0x0000000748e00000|100%| O|  |TAMS 0x0000000748c00000, 0x0000000748c00000| Untracked 
|  71|0x0000000748e00000, 0x0000000749000000, 0x0000000749000000|100%| O|  |TAMS 0x0000000748e00000, 0x0000000748e00000| Untracked 
|  72|0x0000000749000000, 0x0000000749200000, 0x0000000749200000|100%| O|  |TAMS 0x0000000749000000, 0x0000000749000000| Untracked 
|  73|0x0000000749200000, 0x0000000749400000, 0x0000000749400000|100%| O|  |TAMS 0x0000000749200000, 0x0000000749200000| Untracked 
|  74|0x0000000749400000, 0x000000074941bc00, 0x0000000749600000|  5%| O|  |TAMS 0x0000000749400000, 0x0000000749400000| Untracked 
|  75|0x0000000749600000, 0x0000000749600000, 0x0000000749800000|  0%| F|  |TAMS 0x0000000749600000, 0x0000000749600000| Untracked 
|  76|0x0000000749800000, 0x0000000749800000, 0x0000000749a00000|  0%| F|  |TAMS 0x0000000749800000, 0x0000000749800000| Untracked 
|  77|0x0000000749a00000, 0x0000000749a00000, 0x0000000749c00000|  0%| F|  |TAMS 0x0000000749a00000, 0x0000000749a00000| Untracked 
|  78|0x0000000749c00000, 0x0000000749c00000, 0x0000000749e00000|  0%| F|  |TAMS 0x0000000749c00000, 0x0000000749c00000| Untracked 
|  79|0x0000000749e00000, 0x0000000749e00000, 0x000000074a000000|  0%| F|  |TAMS 0x0000000749e00000, 0x0000000749e00000| Untracked 
|  80|0x000000074a000000, 0x000000074a000000, 0x000000074a200000|  0%| F|  |TAMS 0x000000074a000000, 0x000000074a000000| Untracked 
|  81|0x000000074a200000, 0x000000074a200000, 0x000000074a400000|  0%| F|  |TAMS 0x000000074a200000, 0x000000074a200000| Untracked 
|  82|0x000000074a400000, 0x000000074a400000, 0x000000074a600000|  0%| F|  |TAMS 0x000000074a400000, 0x000000074a400000| Untracked 
|  83|0x000000074a600000, 0x000000074a600000, 0x000000074a800000|  0%| F|  |TAMS 0x000000074a600000, 0x000000074a600000| Untracked 
|  84|0x000000074a800000, 0x000000074a800000, 0x000000074aa00000|  0%| F|  |TAMS 0x000000074a800000, 0x000000074a800000| Untracked 
|  85|0x000000074aa00000, 0x000000074aa00000, 0x000000074ac00000|  0%| F|  |TAMS 0x000000074aa00000, 0x000000074aa00000| Untracked 
|  86|0x000000074ac00000, 0x000000074ac00000, 0x000000074ae00000|  0%| F|  |TAMS 0x000000074ac00000, 0x000000074ac00000| Untracked 
|  87|0x000000074ae00000, 0x000000074ae00000, 0x000000074b000000|  0%| F|  |TAMS 0x000000074ae00000, 0x000000074ae00000| Untracked 
|  88|0x000000074b000000, 0x000000074b000000, 0x000000074b200000|  0%| F|  |TAMS 0x000000074b000000, 0x000000074b000000| Untracked 
|  89|0x000000074b200000, 0x000000074b200000, 0x000000074b400000|  0%| F|  |TAMS 0x000000074b200000, 0x000000074b200000| Untracked 
|  90|0x000000074b400000, 0x000000074b400000, 0x000000074b600000|  0%| F|  |TAMS 0x000000074b400000, 0x000000074b400000| Untracked 
|  91|0x000000074b600000, 0x000000074b600000, 0x000000074b800000|  0%| F|  |TAMS 0x000000074b600000, 0x000000074b600000| Untracked 
|  92|0x000000074b800000, 0x000000074b800000, 0x000000074ba00000|  0%| F|  |TAMS 0x000000074b800000, 0x000000074b800000| Untracked 
|  93|0x000000074ba00000, 0x000000074ba00000, 0x000000074bc00000|  0%| F|  |TAMS 0x000000074ba00000, 0x000000074ba00000| Untracked 
|  94|0x000000074bc00000, 0x000000074bc00000, 0x000000074be00000|  0%| F|  |TAMS 0x000000074bc00000, 0x000000074bc00000| Untracked 
|  95|0x000000074be00000, 0x000000074be00000, 0x000000074c000000|  0%| F|  |TAMS 0x000000074be00000, 0x000000074be00000| Untracked 
|  96|0x000000074c000000, 0x000000074c000000, 0x000000074c200000|  0%| F|  |TAMS 0x000000074c000000, 0x000000074c000000| Untracked 
|  97|0x000000074c200000, 0x000000074c200000, 0x000000074c400000|  0%| F|  |TAMS 0x000000074c200000, 0x000000074c200000| Untracked 
|  98|0x000000074c400000, 0x000000074c400000, 0x000000074c600000|  0%| F|  |TAMS 0x000000074c400000, 0x000000074c400000| Untracked 
|  99|0x000000074c600000, 0x000000074c641870, 0x000000074c800000| 12%| S|CS|TAMS 0x000000074c600000, 0x000000074c600000| Complete 
| 100|0x000000074c800000, 0x000000074ca00000, 0x000000074ca00000|100%| S|CS|TAMS 0x000000074c800000, 0x000000074c800000| Complete 
| 101|0x000000074ca00000, 0x000000074cc00000, 0x000000074cc00000|100%| S|CS|TAMS 0x000000074ca00000, 0x000000074ca00000| Complete 
| 102|0x000000074cc00000, 0x000000074cc00000, 0x000000074ce00000|  0%| F|  |TAMS 0x000000074cc00000, 0x000000074cc00000| Untracked 
| 103|0x000000074ce00000, 0x000000074ce00000, 0x000000074d000000|  0%| F|  |TAMS 0x000000074ce00000, 0x000000074ce00000| Untracked 
| 104|0x000000074d000000, 0x000000074d000000, 0x000000074d200000|  0%| F|  |TAMS 0x000000074d000000, 0x000000074d000000| Untracked 
| 105|0x000000074d200000, 0x000000074d200000, 0x000000074d400000|  0%| F|  |TAMS 0x000000074d200000, 0x000000074d200000| Untracked 
| 106|0x000000074d400000, 0x000000074d400000, 0x000000074d600000|  0%| F|  |TAMS 0x000000074d400000, 0x000000074d400000| Untracked 
| 107|0x000000074d600000, 0x000000074d600000, 0x000000074d800000|  0%| F|  |TAMS 0x000000074d600000, 0x000000074d600000| Untracked 
| 108|0x000000074d800000, 0x000000074d800000, 0x000000074da00000|  0%| F|  |TAMS 0x000000074d800000, 0x000000074d800000| Untracked 
| 109|0x000000074da00000, 0x000000074da00000, 0x000000074dc00000|  0%| F|  |TAMS 0x000000074da00000, 0x000000074da00000| Untracked 
| 110|0x000000074dc00000, 0x000000074dc00000, 0x000000074de00000|  0%| F|  |TAMS 0x000000074dc00000, 0x000000074dc00000| Untracked 
| 111|0x000000074de00000, 0x000000074de00000, 0x000000074e000000|  0%| F|  |TAMS 0x000000074de00000, 0x000000074de00000| Untracked 
| 112|0x000000074e000000, 0x000000074e000000, 0x000000074e200000|  0%| F|  |TAMS 0x000000074e000000, 0x000000074e000000| Untracked 
| 113|0x000000074e200000, 0x000000074e200000, 0x000000074e400000|  0%| F|  |TAMS 0x000000074e200000, 0x000000074e200000| Untracked 
| 114|0x000000074e400000, 0x000000074e400000, 0x000000074e600000|  0%| F|  |TAMS 0x000000074e400000, 0x000000074e400000| Untracked 
| 115|0x000000074e600000, 0x000000074e600000, 0x000000074e800000|  0%| F|  |TAMS 0x000000074e600000, 0x000000074e600000| Untracked 
| 116|0x000000074e800000, 0x000000074e800000, 0x000000074ea00000|  0%| F|  |TAMS 0x000000074e800000, 0x000000074e800000| Untracked 
| 117|0x000000074ea00000, 0x000000074ea00000, 0x000000074ec00000|  0%| F|  |TAMS 0x000000074ea00000, 0x000000074ea00000| Untracked 
| 118|0x000000074ec00000, 0x000000074ec00000, 0x000000074ee00000|  0%| F|  |TAMS 0x000000074ec00000, 0x000000074ec00000| Untracked 
| 119|0x000000074ee00000, 0x000000074ee00000, 0x000000074f000000|  0%| F|  |TAMS 0x000000074ee00000, 0x000000074ee00000| Untracked 
| 120|0x000000074f000000, 0x000000074f000000, 0x000000074f200000|  0%| F|  |TAMS 0x000000074f000000, 0x000000074f000000| Untracked 
| 121|0x000000074f200000, 0x000000074f200000, 0x000000074f400000|  0%| F|  |TAMS 0x000000074f200000, 0x000000074f200000| Untracked 
| 122|0x000000074f400000, 0x000000074f400000, 0x000000074f600000|  0%| F|  |TAMS 0x000000074f400000, 0x000000074f400000| Untracked 
| 123|0x000000074f600000, 0x000000074f600000, 0x000000074f800000|  0%| F|  |TAMS 0x000000074f600000, 0x000000074f600000| Untracked 
| 124|0x000000074f800000, 0x000000074f800000, 0x000000074fa00000|  0%| F|  |TAMS 0x000000074f800000, 0x000000074f800000| Untracked 
| 125|0x000000074fa00000, 0x000000074fa00000, 0x000000074fc00000|  0%| F|  |TAMS 0x000000074fa00000, 0x000000074fa00000| Untracked 
| 126|0x000000074fc00000, 0x000000074fc00000, 0x000000074fe00000|  0%| F|  |TAMS 0x000000074fc00000, 0x000000074fc00000| Untracked 
| 127|0x000000074fe00000, 0x000000074fe00000, 0x0000000750000000|  0%| F|  |TAMS 0x000000074fe00000, 0x000000074fe00000| Untracked 
| 128|0x0000000750000000, 0x0000000750000000, 0x0000000750200000|  0%| F|  |TAMS 0x0000000750000000, 0x0000000750000000| Untracked 
| 129|0x0000000750200000, 0x0000000750200000, 0x0000000750400000|  0%| F|  |TAMS 0x0000000750200000, 0x0000000750200000| Untracked 
| 130|0x0000000750400000, 0x0000000750400000, 0x0000000750600000|  0%| F|  |TAMS 0x0000000750400000, 0x0000000750400000| Untracked 
| 131|0x0000000750600000, 0x0000000750600000, 0x0000000750800000|  0%| F|  |TAMS 0x0000000750600000, 0x0000000750600000| Untracked 
| 132|0x0000000750800000, 0x0000000750800000, 0x0000000750a00000|  0%| F|  |TAMS 0x0000000750800000, 0x0000000750800000| Untracked 
| 133|0x0000000750a00000, 0x0000000750a00000, 0x0000000750c00000|  0%| F|  |TAMS 0x0000000750a00000, 0x0000000750a00000| Untracked 
| 134|0x0000000750c00000, 0x0000000750c00000, 0x0000000750e00000|  0%| F|  |TAMS 0x0000000750c00000, 0x0000000750c00000| Untracked 
| 135|0x0000000750e00000, 0x0000000750e00000, 0x0000000751000000|  0%| F|  |TAMS 0x0000000750e00000, 0x0000000750e00000| Untracked 
| 136|0x0000000751000000, 0x0000000751000000, 0x0000000751200000|  0%| F|  |TAMS 0x0000000751000000, 0x0000000751000000| Untracked 
| 137|0x0000000751200000, 0x0000000751200000, 0x0000000751400000|  0%| F|  |TAMS 0x0000000751200000, 0x0000000751200000| Untracked 

Card table byte_map: [0x000002b466260000,0x000002b466860000] _byte_map_base: 0x000002b462860000

Marking Bits (Prev, Next): (CMBitMap*) 0x000002b44f029180, (CMBitMap*) 0x000002b44f029140
 Prev Bits: [0x000002b469e60000, 0x000002b46ce60000)
 Next Bits: [0x000002b466e60000, 0x000002b469e60000)

Polling page: 0x000002b44cef0000

Metaspace:

Usage:
  Non-class:     87.38 MB used.
      Class:     14.10 MB used.
       Both:    101.48 MB used.

Virtual space:
  Non-class space:      128.00 MB reserved,      87.88 MB ( 69%) committed,  2 nodes.
      Class space:      832.00 MB reserved,      14.62 MB (  2%) committed,  1 nodes.
             Both:      960.00 MB reserved,     102.50 MB ( 11%) committed. 

Chunk freelists:
   Non-Class:  8.06 MB
       Class:  1.35 MB
        Both:  9.42 MB

MaxMetaspaceSize: 1.00 GB
CompressedClassSpaceSize: 832.00 MB
Initial GC threshold: 21.00 MB
Current GC threshold: 114.31 MB
CDS: on
MetaspaceReclaimPolicy: balanced
 - commit_granule_bytes: 65536.
 - commit_granule_words: 8192.
 - virtual_space_node_default_size: 8388608.
 - enlarge_chunks_in_place: 1.
 - new_chunks_are_fully_committed: 0.
 - uncommit_free_chunks: 1.
 - use_allocation_guard: 0.
 - handle_deallocations: 1.


Internal statistics:

num_allocs_failed_limit: 9.
num_arena_births: 1488.
num_arena_deaths: 0.
num_vsnodes_births: 3.
num_vsnodes_deaths: 0.
num_space_committed: 1640.
num_space_uncommitted: 0.
num_chunks_returned_to_freelist: 9.
num_chunks_taken_from_freelist: 6149.
num_chunk_merges: 9.
num_chunk_splits: 3980.
num_chunks_enlarged: 2553.
num_inconsistent_stats: 0.

CodeHeap 'non-profiled nmethods': size=120000Kb used=7946Kb max_used=8124Kb free=112053Kb
 bounds [0x000002b45e620000, 0x000002b45ee10000, 0x000002b465b50000]
CodeHeap 'profiled nmethods': size=120000Kb used=22949Kb max_used=24758Kb free=97050Kb
 bounds [0x000002b456b50000, 0x000002b458380000, 0x000002b45e080000]
CodeHeap 'non-nmethods': size=5760Kb used=2443Kb max_used=2500Kb free=3316Kb
 bounds [0x000002b45e080000, 0x000002b45e300000, 0x000002b45e620000]
 total_blobs=12693 nmethods=11708 adapters=897
 compilation: enabled
              stopped_count=0, restarted_count=0
 full_count=0

Compilation events (20 events):
Event: 34.155 Thread 0x000002b46f65e1d0 14215       4       java.nio.Buffer$1::acquireScope (41 bytes)
Event: 34.155 Thread 0x000002b478fe3470 14216       4       org.gradle.internal.fingerprint.impl.DefaultCurrentFileCollectionFingerprint::from (96 bytes)
Event: 34.156 Thread 0x000002b46f65e1d0 nmethod 14215 0x000002b45ece2510 code [0x000002b45ece26a0, 0x000002b45ece2758]
Event: 34.157 Thread 0x000002b46f65e1d0 14217       4       org.gradle.internal.execution.impl.DefaultInputFingerprinter::fingerprintInputProperties (41 bytes)
Event: 34.167 Thread 0x000002b478fe3470 nmethod 14216 0x000002b45ed1f110 code [0x000002b45ed1f300, 0x000002b45ed1fa88]
Event: 34.167 Thread 0x000002b478fe3470 14218       4       sun.nio.cs.UTF_8$Decoder::decodeArrayLoop (688 bytes)
Event: 34.208 Thread 0x000002b478fe3470 nmethod 14218 0x000002b45ecfe110 code [0x000002b45ecfe3e0, 0x000002b45ecffb68]
Event: 34.208 Thread 0x000002b478fe3470 14219       4       org.gradle.internal.execution.impl.DefaultInputFingerprinter$InputCollectingVisitor::<init> (65 bytes)
Event: 34.234 Thread 0x000002b478fe3470 nmethod 14219 0x000002b45ecfc810 code [0x000002b45ecfc9c0, 0x000002b45ecfde78]
Event: 34.234 Thread 0x000002b478fe3470 14222       4       org.gradle.internal.snapshot.AbstractIncompleteFileSystemNode$$Lambda$508/0x000002b4014be4b8::apply (8 bytes)
Event: 34.235 Thread 0x000002b478fe3470 nmethod 14222 0x000002b45ece2110 code [0x000002b45ece22a0, 0x000002b45ece2358]
Event: 34.235 Thread 0x000002b478fe3470 14223       4       com.google.common.collect.ImmutableSortedMap::fromEntries (353 bytes)
Event: 34.289 Thread 0x000002b478fe3470 nmethod 14223 0x000002b45edca310 code [0x000002b45edca560, 0x000002b45edcbc78]
Event: 34.290 Thread 0x000002b478fe3470 14224       4       java.lang.System::checkKey (34 bytes)
Event: 34.290 Thread 0x000002b478fe3470 nmethod 14224 0x000002b45ecfc510 code [0x000002b45ecfc6a0, 0x000002b45ecfc738]
Event: 34.290 Thread 0x000002b478fe3470 14220       4       org.gradle.internal.execution.impl.DefaultInputFingerprinter$InputCollectingVisitor::complete (37 bytes)
Event: 34.298 Thread 0x000002b46f660380 14228       3       org.gradle.internal.classpath.TransformedClassPath$Builder::add (28 bytes)
Event: 34.299 Thread 0x000002b46f660380 nmethod 14228 0x000002b456d16910 code [0x000002b456d16b20, 0x000002b456d17448]
Event: 34.301 Thread 0x000002b46f660380 14229       2       java.nio.Buffer$1::getBufferAddress (5 bytes)
Event: 34.302 Thread 0x000002b46f660380 nmethod 14229 0x000002b456d27990 code [0x000002b456d27b20, 0x000002b456d27c38]

GC Heap History (20 events):
Event: 22.280 GC heap after
{Heap after GC invocations=38 (full 0):
 garbage-first heap   total 282624K, used 96572K [0x0000000740000000, 0x0000000800000000)
  region size 2048K, 5 young (10240K), 5 survivors (10240K)
 Metaspace       used 74148K, committed 74944K, reserved 917504K
  class space    used 10455K, committed 10816K, reserved 851968K
}
Event: 22.315 GC heap before
{Heap before GC invocations=38 (full 0):
 garbage-first heap   total 282624K, used 98620K [0x0000000740000000, 0x0000000800000000)
  region size 2048K, 6 young (12288K), 5 survivors (10240K)
 Metaspace       used 74292K, committed 75072K, reserved 917504K
  class space    used 10474K, committed 10816K, reserved 851968K
}
Event: 22.321 GC heap after
{Heap after GC invocations=39 (full 0):
 garbage-first heap   total 282624K, used 95792K [0x0000000740000000, 0x0000000800000000)
  region size 2048K, 1 young (2048K), 1 survivors (2048K)
 Metaspace       used 74292K, committed 75072K, reserved 917504K
  class space    used 10474K, committed 10816K, reserved 851968K
}
Event: 24.501 GC heap before
{Heap before GC invocations=39 (full 0):
 garbage-first heap   total 282624K, used 214576K [0x0000000740000000, 0x0000000800000000)
  region size 2048K, 60 young (122880K), 1 survivors (2048K)
 Metaspace       used 82361K, committed 83136K, reserved 983040K
  class space    used 11497K, committed 11840K, reserved 851968K
}
Event: 24.512 GC heap after
{Heap after GC invocations=40 (full 0):
 garbage-first heap   total 282624K, used 105089K [0x0000000740000000, 0x0000000800000000)
  region size 2048K, 5 young (10240K), 5 survivors (10240K)
 Metaspace       used 82361K, committed 83136K, reserved 983040K
  class space    used 11497K, committed 11840K, reserved 851968K
}
Event: 26.104 GC heap before
{Heap before GC invocations=40 (full 0):
 garbage-first heap   total 282624K, used 217729K [0x0000000740000000, 0x0000000800000000)
  region size 2048K, 60 young (122880K), 5 survivors (10240K)
 Metaspace       used 87208K, committed 88192K, reserved 983040K
  class space    used 12117K, committed 12608K, reserved 851968K
}
Event: 26.122 GC heap after
{Heap after GC invocations=41 (full 0):
 garbage-first heap   total 282624K, used 113247K [0x0000000740000000, 0x0000000800000000)
  region size 2048K, 5 young (10240K), 5 survivors (10240K)
 Metaspace       used 87208K, committed 88192K, reserved 983040K
  class space    used 12117K, committed 12608K, reserved 851968K
}
Event: 27.879 GC heap before
{Heap before GC invocations=41 (full 0):
 garbage-first heap   total 282624K, used 219743K [0x0000000740000000, 0x0000000800000000)
  region size 2048K, 57 young (116736K), 5 survivors (10240K)
 Metaspace       used 95070K, committed 96064K, reserved 983040K
  class space    used 13351K, committed 13824K, reserved 851968K
}
Event: 27.894 GC heap after
{Heap after GC invocations=42 (full 0):
 garbage-first heap   total 282624K, used 116559K [0x0000000740000000, 0x0000000800000000)
  region size 2048K, 6 young (12288K), 6 survivors (12288K)
 Metaspace       used 95070K, committed 96064K, reserved 983040K
  class space    used 13351K, committed 13824K, reserved 851968K
}
Event: 29.645 GC heap before
{Heap before GC invocations=42 (full 0):
 garbage-first heap   total 282624K, used 229199K [0x0000000740000000, 0x0000000800000000)
  region size 2048K, 59 young (120832K), 6 survivors (12288K)
 Metaspace       used 100373K, committed 101440K, reserved 983040K
  class space    used 13941K, committed 14464K, reserved 851968K
}
Event: 29.667 GC heap after
{Heap after GC invocations=43 (full 0):
 garbage-first heap   total 282624K, used 122601K [0x0000000740000000, 0x0000000800000000)
  region size 2048K, 6 young (12288K), 6 survivors (12288K)
 Metaspace       used 100373K, committed 101440K, reserved 983040K
  class space    used 13941K, committed 14464K, reserved 851968K
}
Event: 30.349 GC heap before
{Heap before GC invocations=43 (full 0):
 garbage-first heap   total 282624K, used 227049K [0x0000000740000000, 0x0000000800000000)
  region size 2048K, 58 young (118784K), 6 survivors (12288K)
 Metaspace       used 100377K, committed 101440K, reserved 983040K
  class space    used 13941K, committed 14464K, reserved 851968K
}
Event: 30.360 GC heap after
{Heap after GC invocations=44 (full 0):
 garbage-first heap   total 282624K, used 125361K [0x0000000740000000, 0x0000000800000000)
  region size 2048K, 6 young (12288K), 6 survivors (12288K)
 Metaspace       used 100377K, committed 101440K, reserved 983040K
  class space    used 13941K, committed 14464K, reserved 851968K
}
Event: 31.834 GC heap before
{Heap before GC invocations=44 (full 0):
 garbage-first heap   total 282624K, used 229809K [0x0000000740000000, 0x0000000800000000)
  region size 2048K, 57 young (116736K), 6 survivors (12288K)
 Metaspace       used 103558K, committed 104576K, reserved 983040K
  class space    used 14409K, committed 14912K, reserved 851968K
}
Event: 31.853 GC heap after
{Heap after GC invocations=45 (full 0):
 garbage-first heap   total 282624K, used 139871K [0x0000000740000000, 0x0000000800000000)
  region size 2048K, 8 young (16384K), 8 survivors (16384K)
 Metaspace       used 103558K, committed 104576K, reserved 983040K
  class space    used 14409K, committed 14912K, reserved 851968K
}
Event: 32.612 GC heap before
{Heap before GC invocations=45 (full 0):
 garbage-first heap   total 282624K, used 223839K [0x0000000740000000, 0x0000000800000000)
  region size 2048K, 49 young (100352K), 8 survivors (16384K)
 Metaspace       used 103650K, committed 104704K, reserved 983040K
  class space    used 14414K, committed 14912K, reserved 851968K
}
Event: 32.624 GC heap after
{Heap after GC invocations=46 (full 0):
 garbage-first heap   total 282624K, used 144301K [0x0000000740000000, 0x0000000800000000)
  region size 2048K, 3 young (6144K), 3 survivors (6144K)
 Metaspace       used 103650K, committed 104704K, reserved 983040K
  class space    used 14414K, committed 14912K, reserved 851968K
}
Event: 33.472 GC heap before
{Heap before GC invocations=46 (full 0):
 garbage-first heap   total 282624K, used 226221K [0x0000000740000000, 0x0000000800000000)
  region size 2048K, 44 young (90112K), 3 survivors (6144K)
 Metaspace       used 103910K, committed 104960K, reserved 983040K
  class space    used 14435K, committed 14976K, reserved 851968K
}
Event: 33.486 GC heap after
{Heap after GC invocations=47 (full 0):
 garbage-first heap   total 282624K, used 153600K [0x0000000740000000, 0x0000000800000000)
  region size 2048K, 6 young (12288K), 6 survivors (12288K)
 Metaspace       used 103910K, committed 104960K, reserved 983040K
  class space    used 14435K, committed 14976K, reserved 851968K
}
Event: 34.316 GC heap before
{Heap before GC invocations=47 (full 0):
 garbage-first heap   total 282624K, used 225280K [0x0000000740000000, 0x0000000800000000)
  region size 2048K, 42 young (86016K), 6 survivors (12288K)
 Metaspace       used 103913K, committed 104960K, reserved 983040K
  class space    used 14435K, committed 14976K, reserved 851968K
}

Dll operation events (15 events):
Event: 0.020 Loaded shared library C:\Program Files\Eclipse Adoptium\jdk-17.0.19.10-hotspot\bin\java.dll
Event: 0.049 Loaded shared library C:\Program Files\Eclipse Adoptium\jdk-17.0.19.10-hotspot\bin\jsvml.dll
Event: 0.134 Loaded shared library C:\Program Files\Eclipse Adoptium\jdk-17.0.19.10-hotspot\bin\zip.dll
Event: 0.144 Loaded shared library C:\Program Files\Eclipse Adoptium\jdk-17.0.19.10-hotspot\bin\instrument.dll
Event: 0.150 Loaded shared library C:\Program Files\Eclipse Adoptium\jdk-17.0.19.10-hotspot\bin\net.dll
Event: 0.152 Loaded shared library C:\Program Files\Eclipse Adoptium\jdk-17.0.19.10-hotspot\bin\nio.dll
Event: 0.157 Loaded shared library C:\Program Files\Eclipse Adoptium\jdk-17.0.19.10-hotspot\bin\zip.dll
Event: 0.616 Loaded shared library C:\Program Files\Eclipse Adoptium\jdk-17.0.19.10-hotspot\bin\jimage.dll
Event: 0.875 Loaded shared library C:\Program Files\Eclipse Adoptium\jdk-17.0.19.10-hotspot\bin\verify.dll
Event: 0.990 Loaded shared library C:\Users\ahmed.tharwat\.gradle\native\1def1411415f61bf3af743bc5b6707747c0891f09f0c88961ee8f79bc544acac\windows-amd64\native-platform.dll
Event: 1.014 Loaded shared library C:\Users\ahmed.tharwat\.gradle\native\0.2.7\x86_64-windows-gnu\gradle-fileevents.dll
Event: 2.982 Loaded shared library C:\Program Files\Eclipse Adoptium\jdk-17.0.19.10-hotspot\bin\management.dll
Event: 2.985 Loaded shared library C:\Program Files\Eclipse Adoptium\jdk-17.0.19.10-hotspot\bin\management_ext.dll
Event: 3.269 Loaded shared library C:\Program Files\Eclipse Adoptium\jdk-17.0.19.10-hotspot\bin\extnet.dll
Event: 3.655 Loaded shared library C:\Program Files\Eclipse Adoptium\jdk-17.0.19.10-hotspot\bin\sunmscapi.dll

Deoptimization events (20 events):
Event: 32.071 Thread 0x000002b46f8760a0 DEOPT PACKING pc=0x000002b45ed20228 sp=0x000000de837f60b0
Event: 32.071 Thread 0x000002b46f8760a0 DEOPT UNPACKING pc=0x000002b45e0d69a3 sp=0x000000de837f5f68 mode 2
Event: 32.269 Thread 0x000002b47a6904a0 Uncommon trap: trap_request=0xffffffd6 fr.pc=0x000002b45edca218 relative=0x0000000000002b78
Event: 32.269 Thread 0x000002b47a6904a0 Uncommon trap: reason=array_check action=maybe_recompile pc=0x000002b45edca218 method=java.util.TimSort.reverseRange([Ljava/lang/Object;II)V @ 27 c2
Event: 32.269 Thread 0x000002b47a6909b0 Uncommon trap: trap_request=0xffffffd6 fr.pc=0x000002b45edca218 relative=0x0000000000002b78
Event: 32.269 Thread 0x000002b47a6909b0 Uncommon trap: reason=array_check action=maybe_recompile pc=0x000002b45edca218 method=java.util.TimSort.reverseRange([Ljava/lang/Object;II)V @ 27 c2
Event: 32.269 Thread 0x000002b47a6904a0 DEOPT PACKING pc=0x000002b45edca218 sp=0x000000de862fdcc0
Event: 32.269 Thread 0x000002b47a6904a0 DEOPT UNPACKING pc=0x000002b45e0d69a3 sp=0x000000de862fdb98 mode 2
Event: 32.269 Thread 0x000002b47a6909b0 DEOPT PACKING pc=0x000002b45edca218 sp=0x000000de864fd8c0
Event: 32.269 Thread 0x000002b47a6909b0 DEOPT UNPACKING pc=0x000002b45e0d69a3 sp=0x000000de864fd798 mode 2
Event: 32.304 Thread 0x000002b47a68ff90 Uncommon trap: trap_request=0xffffffd6 fr.pc=0x000002b45edd1540 relative=0x0000000000002ca0
Event: 32.304 Thread 0x000002b47a68ff90 Uncommon trap: reason=array_check action=maybe_recompile pc=0x000002b45edd1540 method=java.util.TimSort.reverseRange([Ljava/lang/Object;II)V @ 27 c2
Event: 32.304 Thread 0x000002b47a68ff90 DEOPT PACKING pc=0x000002b45edd1540 sp=0x000000de860fd9f0
Event: 32.304 Thread 0x000002b47a68ff90 DEOPT UNPACKING pc=0x000002b45e0d69a3 sp=0x000000de860fd860 mode 2
Event: 33.364 Thread 0x000002b47999df60 Uncommon trap: trap_request=0xffffff45 fr.pc=0x000002b45e8caedc relative=0x0000000000001f9c
Event: 33.364 Thread 0x000002b47999df60 Uncommon trap: reason=unstable_if action=reinterpret pc=0x000002b45e8caedc method=java.util.concurrent.ConcurrentHashMap.computeIfAbsent(Ljava/lang/Object;Ljava/util/function/Function;)Ljava/lang/Object; @ 104 c2
Event: 33.365 Thread 0x000002b47999df60 DEOPT PACKING pc=0x000002b45e8caedc sp=0x000000de875fe1b0
Event: 33.365 Thread 0x000002b47999df60 DEOPT UNPACKING pc=0x000002b45e0d69a3 sp=0x000000de875fe148 mode 2
Event: 33.622 Thread 0x000002b46f874c60 DEOPT PACKING pc=0x000002b457199011 sp=0x000000de833fe4d0
Event: 33.622 Thread 0x000002b46f874c60 DEOPT UNPACKING pc=0x000002b45e0d7143 sp=0x000000de833fd9e0 mode 0

Classes loaded (20 events):
Event: 31.444 Loading class java/util/regex/PatternBeanInfo
Event: 31.444 Loading class java/util/regex/PatternBeanInfo done
Event: 31.444 Loading class java/util/regex/PatternBeanInfo
Event: 31.444 Loading class java/util/regex/PatternBeanInfo done
Event: 31.444 Loading class java/util/regex/PatternCustomizer
Event: 31.444 Loading class java/util/regex/PatternCustomizer done
Event: 31.444 Loading class java/util/regex/PatternCustomizer
Event: 31.444 Loading class java/util/regex/PatternCustomizer done
Event: 31.445 Loading class jdk/internal/reflect/UnsafeQualifiedStaticIntegerFieldAccessorImpl
Event: 31.446 Loading class jdk/internal/reflect/UnsafeQualifiedStaticIntegerFieldAccessorImpl done
Event: 31.450 Loading class java/util/regex/MatcherBeanInfo
Event: 31.450 Loading class java/util/regex/MatcherBeanInfo done
Event: 31.450 Loading class java/util/regex/MatcherBeanInfo
Event: 31.450 Loading class java/util/regex/MatcherBeanInfo done
Event: 31.450 Loading class java/util/regex/MatcherCustomizer
Event: 31.450 Loading class java/util/regex/MatcherCustomizer done
Event: 31.451 Loading class java/util/regex/MatcherCustomizer
Event: 31.451 Loading class java/util/regex/MatcherCustomizer done
Event: 34.155 Loading class jdk/internal/misc/ScopedMemoryAccess$Scope$Handle
Event: 34.155 Loading class jdk/internal/misc/ScopedMemoryAccess$Scope$Handle done

Classes unloaded (0 events):
No events

Classes redefined (0 events):
No events

Internal exceptions (20 events):
Event: 31.421 Thread 0x000002b46f8760a0 Exception <a 'java/lang/ClassNotFoundException'{0x000000074c4d4050}: java/io/FileCustomizer> (0x000000074c4d4050) 
thrown [s\src\hotspot\share\classfile\systemDictionary.cpp, line 256]
Event: 31.444 Thread 0x000002b46f8760a0 Exception <a 'java/lang/ClassNotFoundException'{0x000000074c29a468}: java/util/regex/PatternBeanInfo> (0x000000074c29a468) 
thrown [s\src\hotspot\share\classfile\systemDictionary.cpp, line 256]
Event: 31.444 Thread 0x000002b46f8760a0 Exception <a 'java/lang/ClassNotFoundException'{0x000000074c2a1310}: java/util/regex/PatternCustomizer> (0x000000074c2a1310) 
thrown [s\src\hotspot\share\classfile\systemDictionary.cpp, line 256]
Event: 31.447 Thread 0x000002b46f8760a0 Implicit null exception at 0x000002b45e8bbd83 to 0x000002b45e8be590
Event: 31.450 Thread 0x000002b46f8760a0 Exception <a 'java/lang/ClassNotFoundException'{0x000000074c2d5f60}: java/util/regex/MatcherBeanInfo> (0x000000074c2d5f60) 
thrown [s\src\hotspot\share\classfile\systemDictionary.cpp, line 256]
Event: 31.451 Thread 0x000002b46f8760a0 Exception <a 'java/lang/ClassNotFoundException'{0x000000074c2dce00}: java/util/regex/MatcherCustomizer> (0x000000074c2dce00) 
thrown [s\src\hotspot\share\classfile\systemDictionary.cpp, line 256]
Event: 31.737 Thread 0x000002b46f8760a0 Exception <a 'java/lang/ClassNotFoundException'{0x000000074b27fb68}: com/android/build/gradle/internal/api/LibraryVariantOutputImpl_DecoratedBeanInfo> (0x000000074b27fb68) 
thrown [s\src\hotspot\share\classfile\systemDictionary.cpp, line 256]
Event: 31.738 Thread 0x000002b46f8760a0 Exception <a 'java/lang/ClassNotFoundException'{0x000000074b28c170}: com/android/build/gradle/internal/api/LibraryVariantOutputImplBeanInfo> (0x000000074b28c170) 
thrown [s\src\hotspot\share\classfile\systemDictionary.cpp, line 256]
Event: 31.739 Thread 0x000002b46f8760a0 Exception <a 'java/lang/ClassNotFoundException'{0x000000074b298840}: com/android/build/gradle/internal/api/LibraryVariantOutputImplCustomizer> (0x000000074b298840) 
thrown [s\src\hotspot\share\classfile\systemDictionary.cpp, line 256]
Event: 31.740 Thread 0x000002b46f8760a0 Exception <a 'java/lang/ClassNotFoundException'{0x000000074b2ae868}: com/android/build/gradle/internal/api/LibraryVariantOutputImpl_DecoratedCustomizer> (0x000000074b2ae868) 
thrown [s\src\hotspot\share\classfile\systemDictionary.cpp, line 256]
Event: 31.873 Thread 0x000002b46f8760a0 Exception <a 'java/lang/ClassNotFoundException'{0x0000000751282160}: build_3rfy9ewrjtymxey8necfng8xaBeanInfo> (0x0000000751282160) 
thrown [s\src\hotspot\share\classfile\systemDictionary.cpp, line 256]
Event: 31.874 Thread 0x000002b46f8760a0 Exception <a 'java/lang/ClassNotFoundException'{0x0000000751289750}: build_3rfy9ewrjtymxey8necfng8xaCustomizer> (0x0000000751289750) 
thrown [s\src\hotspot\share\classfile\systemDictionary.cpp, line 256]
Event: 32.822 Thread 0x000002b46f8760a0 Exception <a 'java/lang/ClassNotFoundException'{0x000000074f6e5a08}: build_3rfy9ewrjtymxey8necfng8xaBeanInfo> (0x000000074f6e5a08) 
thrown [s\src\hotspot\share\classfile\systemDictionary.cpp, line 256]
Event: 32.823 Thread 0x000002b46f8760a0 Exception <a 'java/lang/ClassNotFoundException'{0x000000074f6ecf90}: build_3rfy9ewrjtymxey8necfng8xaCustomizer> (0x000000074f6ecf90) 
thrown [s\src\hotspot\share\classfile\systemDictionary.cpp, line 256]
Event: 33.024 Thread 0x000002b46f8760a0 Exception <a 'java/lang/ClassNotFoundException'{0x000000074ede4c18}: com/flutter/gradle/FlutterExtension_DecoratedBeanInfo> (0x000000074ede4c18) 
thrown [s\src\hotspot\share\classfile\systemDictionary.cpp, line 256]
Event: 33.025 Thread 0x000002b46f8760a0 Exception <a 'java/lang/ClassNotFoundException'{0x000000074edf4658}: com/flutter/gradle/FlutterExtensionBeanInfo> (0x000000074edf4658) 
thrown [s\src\hotspot\share\classfile\systemDictionary.cpp, line 256]
Event: 33.026 Thread 0x000002b46f8760a0 Exception <a 'java/lang/ClassNotFoundException'{0x000000074ea04548}: com/flutter/gradle/FlutterExtensionCustomizer> (0x000000074ea04548) 
thrown [s\src\hotspot\share\classfile\systemDictionary.cpp, line 256]
Event: 33.027 Thread 0x000002b46f8760a0 Exception <a 'java/lang/ClassNotFoundException'{0x000000074ea21690}: com/flutter/gradle/FlutterExtension_DecoratedCustomizer> (0x000000074ea21690) 
thrown [s\src\hotspot\share\classfile\systemDictionary.cpp, line 256]
Event: 33.204 Thread 0x000002b46f8760a0 Exception <a 'java/lang/ClassNotFoundException'{0x000000074e06c7e0}: build_yqcayl9m17jbkfp6qnuwm1jsBeanInfo> (0x000000074e06c7e0) 
thrown [s\src\hotspot\share\classfile\systemDictionary.cpp, line 256]
Event: 33.205 Thread 0x000002b46f8760a0 Exception <a 'java/lang/ClassNotFoundException'{0x000000074e073da8}: build_yqcayl9m17jbkfp6qnuwm1jsCustomizer> (0x000000074e073da8) 
thrown [s\src\hotspot\share\classfile\systemDictionary.cpp, line 256]

VM Operations (20 events):
Event: 31.430 Executing VM operation: Cleanup done
Event: 31.433 Executing VM operation: HandshakeAllThreads
Event: 31.433 Executing VM operation: HandshakeAllThreads done
Event: 31.437 Executing VM operation: HandshakeAllThreads
Event: 31.438 Executing VM operation: HandshakeAllThreads done
Event: 31.834 Executing VM operation: G1CollectForAllocation
Event: 31.853 Executing VM operation: G1CollectForAllocation done
Event: 32.611 Executing VM operation: G1CollectForAllocation
Event: 32.624 Executing VM operation: G1CollectForAllocation done
Event: 32.743 Executing VM operation: HandshakeAllThreads
Event: 32.743 Executing VM operation: HandshakeAllThreads done
Event: 32.978 Executing VM operation: HandshakeAllThreads
Event: 32.978 Executing VM operation: HandshakeAllThreads done
Event: 33.157 Executing VM operation: ICBufferFull
Event: 33.157 Executing VM operation: ICBufferFull done
Event: 33.365 Executing VM operation: HandshakeAllThreads
Event: 33.365 Executing VM operation: HandshakeAllThreads done
Event: 33.472 Executing VM operation: G1CollectForAllocation
Event: 33.486 Executing VM operation: G1CollectForAllocation done
Event: 34.315 Executing VM operation: G1CollectForAllocation

Memory protections (0 events):
No events

Nmethod flushes (20 events):
Event: 33.385 Thread 0x000002b46f66a8b0 flushing  nmethod 0x000002b457e30a90
Event: 33.386 Thread 0x000002b46f66a8b0 flushing  nmethod 0x000002b457f5b810
Event: 33.386 Thread 0x000002b46f66a8b0 flushing  nmethod 0x000002b457f9fe10
Event: 33.386 Thread 0x000002b46f66a8b0 flushing  nmethod 0x000002b457fd3510
Event: 33.386 Thread 0x000002b46f66a8b0 flushing  nmethod 0x000002b458012210
Event: 33.387 Thread 0x000002b46f66a8b0 flushing  nmethod 0x000002b458060b90
Event: 33.387 Thread 0x000002b46f66a8b0 flushing  nmethod 0x000002b45810f790
Event: 33.388 Thread 0x000002b46f66a8b0 flushing  nmethod 0x000002b458154f90
Event: 33.388 Thread 0x000002b46f66a8b0 flushing  nmethod 0x000002b458159b90
Event: 33.388 Thread 0x000002b46f66a8b0 flushing  nmethod 0x000002b45819f110
Event: 33.388 Thread 0x000002b46f66a8b0 flushing  nmethod 0x000002b4581af990
Event: 33.388 Thread 0x000002b46f66a8b0 flushing  nmethod 0x000002b4581b5890
Event: 33.388 Thread 0x000002b46f66a8b0 flushing  nmethod 0x000002b4581b8190
Event: 33.388 Thread 0x000002b46f66a8b0 flushing  nmethod 0x000002b4581b9e10
Event: 33.388 Thread 0x000002b46f66a8b0 flushing  nmethod 0x000002b4581c5490
Event: 33.388 Thread 0x000002b46f66a8b0 flushing  nmethod 0x000002b4581ce190
Event: 33.388 Thread 0x000002b46f66a8b0 flushing  nmethod 0x000002b4581cea10
Event: 33.388 Thread 0x000002b46f66a8b0 flushing  nmethod 0x000002b458210b90
Event: 33.388 Thread 0x000002b46f66a8b0 flushing  nmethod 0x000002b45825ac90
Event: 33.389 Thread 0x000002b46f66a8b0 flushing  nmethod 0x000002b458313710

Events (20 events):
Event: 20.580 Thread 0x000002b46f8760a0 Thread added: 0x000002b476ea6430
Event: 20.580 Thread 0x000002b46f8760a0 Thread added: 0x000002b476eab020
Event: 20.580 Thread 0x000002b46f8760a0 Thread added: 0x000002b476ea4ae0
Event: 22.653 Thread 0x000002b46f660380 Thread added: 0x000002b478fe3470
Event: 24.408 Thread 0x000002b46f8760a0 Thread added: 0x000002b476ea6940
Event: 28.954 Thread 0x000002b46f8760a0 Thread added: 0x000002b476eaab10
Event: 29.461 Thread 0x000002b46f8760a0 Thread added: 0x000002b43a2f1570
Event: 29.461 Thread 0x000002b46f8760a0 Thread added: 0x000002b43a2f29b0
Event: 29.462 Thread 0x000002b46f8760a0 Thread added: 0x000002b43a2f84d0
Event: 29.462 Thread 0x000002b46f8760a0 Thread added: 0x000002b43a2f6670
Event: 29.462 Thread 0x000002b46f8760a0 Thread added: 0x000002b43a2f8ef0
Event: 29.546 Thread 0x000002b46f8760a0 Thread added: 0x000002b43a2f4d20
Event: 29.548 Thread 0x000002b46f8760a0 Thread added: 0x000002b43a2f89e0
Event: 29.549 Thread 0x000002b46f8760a0 Thread added: 0x000002b43a2f2ec0
Event: 30.488 Thread 0x000002b46f8760a0 Thread added: 0x000002b43a2f5230
Event: 30.620 Thread 0x000002b46f8760a0 Thread added: 0x000002b43a2f1f90
Event: 30.772 Thread 0x000002b46f8760a0 Thread added: 0x000002b43a2f6b80
Event: 30.780 Thread 0x000002b46f8760a0 Thread added: 0x000002b43a2f24a0
Event: 31.399 Thread 0x000002b46f8760a0 Thread added: 0x000002b43a2f33d0
Event: 31.407 Thread 0x000002b46f8760a0 Thread added: 0x000002b43a2f5c50


Dynamic libraries:
0x00007ff6c1100000 - 0x00007ff6c110e000 	C:\Program Files\Eclipse Adoptium\jdk-17.0.19.10-hotspot\bin\java.exe
0x00007ff890990000 - 0x00007ff890ba8000 	C:\Windows\SYSTEM32\ntdll.dll
0x00007ff88f0f0000 - 0x00007ff88f1b4000 	C:\Windows\System32\KERNEL32.DLL
0x00007ff88df10000 - 0x00007ff88e2e3000 	C:\Windows\System32\KERNELBASE.dll
0x00007ff88e320000 - 0x00007ff88e431000 	C:\Windows\System32\ucrtbase.dll
0x00007ff87eb60000 - 0x00007ff87eb7e000 	C:\Program Files\Eclipse Adoptium\jdk-17.0.19.10-hotspot\bin\VCRUNTIME140.dll
0x00007ff87eba0000 - 0x00007ff87ebb8000 	C:\Program Files\Eclipse Adoptium\jdk-17.0.19.10-hotspot\bin\jli.dll
0x00007ff88e630000 - 0x00007ff88e7e2000 	C:\Windows\System32\USER32.dll
0x00007ff88e540000 - 0x00007ff88e566000 	C:\Windows\System32\win32u.dll
0x00007ff87cec0000 - 0x00007ff87d15c000 	C:\Windows\WinSxS\amd64_microsoft.windows.common-controls_6595b64144ccf1df_6.0.22621.6060_none_2712eda17382d24b\COMCTL32.dll
0x00007ff88eab0000 - 0x00007ff88ead9000 	C:\Windows\System32\GDI32.dll
0x00007ff88e7f0000 - 0x00007ff88e897000 	C:\Windows\System32\msvcrt.dll
0x00007ff88ddf0000 - 0x00007ff88df0b000 	C:\Windows\System32\gdi32full.dll
0x00007ff88dd50000 - 0x00007ff88ddea000 	C:\Windows\System32\msvcp_win.dll
0x00007ff890510000 - 0x00007ff890541000 	C:\Windows\System32\IMM32.DLL
0x00007ff8887a0000 - 0x00007ff8887ac000 	C:\Program Files\Eclipse Adoptium\jdk-17.0.19.10-hotspot\bin\vcruntime140_1.dll
0x00007ff84f880000 - 0x00007ff84f90d000 	C:\Program Files\Eclipse Adoptium\jdk-17.0.19.10-hotspot\bin\msvcp140.dll
0x00007ff824940000 - 0x00007ff8255ac000 	C:\Program Files\Eclipse Adoptium\jdk-17.0.19.10-hotspot\bin\server\jvm.dll
0x00007ff88ee30000 - 0x00007ff88eee1000 	C:\Windows\System32\ADVAPI32.dll
0x00007ff88e8a0000 - 0x00007ff88e948000 	C:\Windows\System32\sechost.dll
0x00007ff88e2f0000 - 0x00007ff88e318000 	C:\Windows\System32\bcrypt.dll
0x00007ff88efd0000 - 0x00007ff88f0e8000 	C:\Windows\System32\RPCRT4.dll
0x00007ff88f1c0000 - 0x00007ff88f231000 	C:\Windows\System32\WS2_32.dll
0x00007ff88d970000 - 0x00007ff88d9bd000 	C:\Windows\SYSTEM32\POWRPROF.dll
0x00007ff8880b0000 - 0x00007ff8880ba000 	C:\Windows\SYSTEM32\VERSION.dll
0x00007ff88b4a0000 - 0x00007ff88b4d4000 	C:\Windows\SYSTEM32\WINMM.dll
0x00007ff88d950000 - 0x00007ff88d963000 	C:\Windows\SYSTEM32\UMPDC.dll
0x00007ff88ca80000 - 0x00007ff88ca98000 	C:\Windows\SYSTEM32\kernel.appcore.dll
0x00007ff887d80000 - 0x00007ff887d8a000 	C:\Program Files\Eclipse Adoptium\jdk-17.0.19.10-hotspot\bin\jimage.dll
0x00007ff88b260000 - 0x00007ff88b493000 	C:\Windows\SYSTEM32\DBGHELP.DLL
0x00007ff890010000 - 0x00007ff8903a1000 	C:\Windows\System32\combase.dll
0x00007ff88eef0000 - 0x00007ff88efc8000 	C:\Windows\System32\OLEAUT32.dll
0x00007ff88b200000 - 0x00007ff88b232000 	C:\Windows\SYSTEM32\dbgcore.DLL
0x00007ff88e440000 - 0x00007ff88e4bb000 	C:\Windows\System32\bcryptPrimitives.dll
0x00007ff881970000 - 0x00007ff88197e000 	C:\Program Files\Eclipse Adoptium\jdk-17.0.19.10-hotspot\bin\instrument.dll
0x00007ff87c090000 - 0x00007ff87c0b5000 	C:\Program Files\Eclipse Adoptium\jdk-17.0.19.10-hotspot\bin\java.dll
0x00007ff8403e0000 - 0x00007ff8404b7000 	C:\Program Files\Eclipse Adoptium\jdk-17.0.19.10-hotspot\bin\jsvml.dll
0x00007ff88f6d0000 - 0x00007ff88ff6c000 	C:\Windows\System32\SHELL32.dll
0x00007ff88daa0000 - 0x00007ff88dbdf000 	C:\Windows\System32\wintypes.dll
0x00007ff88b9a0000 - 0x00007ff88c2ba000 	C:\Windows\SYSTEM32\windows.storage.dll
0x00007ff890660000 - 0x00007ff890764000 	C:\Windows\System32\SHCORE.dll
0x00007ff890550000 - 0x00007ff8905b9000 	C:\Windows\System32\shlwapi.dll
0x00007ff88d9d0000 - 0x00007ff88d9f5000 	C:\Windows\SYSTEM32\profapi.dll
0x00007ff875e00000 - 0x00007ff875e18000 	C:\Program Files\Eclipse Adoptium\jdk-17.0.19.10-hotspot\bin\zip.dll
0x00007ff87cc50000 - 0x00007ff87cc6a000 	C:\Program Files\Eclipse Adoptium\jdk-17.0.19.10-hotspot\bin\net.dll
0x00007ff887ec0000 - 0x00007ff887fec000 	C:\Windows\SYSTEM32\WINHTTP.dll
0x00007ff88cf60000 - 0x00007ff88cfc9000 	C:\Windows\system32\mswsock.dll
0x00007ff877370000 - 0x00007ff877386000 	C:\Program Files\Eclipse Adoptium\jdk-17.0.19.10-hotspot\bin\nio.dll
0x00007ff885590000 - 0x00007ff8855a0000 	C:\Program Files\Eclipse Adoptium\jdk-17.0.19.10-hotspot\bin\verify.dll
0x00007ff87c0e0000 - 0x00007ff87c107000 	C:\Users\ahmed.tharwat\.gradle\native\1def1411415f61bf3af743bc5b6707747c0891f09f0c88961ee8f79bc544acac\windows-amd64\native-platform.dll
0x00007ff8500f0000 - 0x00007ff850168000 	C:\Users\ahmed.tharwat\.gradle\native\0.2.7\x86_64-windows-gnu\gradle-fileevents.dll
0x00007ff882160000 - 0x00007ff88216a000 	C:\Program Files\Eclipse Adoptium\jdk-17.0.19.10-hotspot\bin\management.dll
0x00007ff881ee0000 - 0x00007ff881eec000 	C:\Program Files\Eclipse Adoptium\jdk-17.0.19.10-hotspot\bin\management_ext.dll
0x00007ff890000000 - 0x00007ff890008000 	C:\Windows\System32\PSAPI.DLL
0x00007ff88c560000 - 0x00007ff88c58d000 	C:\Windows\SYSTEM32\IPHLPAPI.DLL
0x00007ff88f6c0000 - 0x00007ff88f6c9000 	C:\Windows\System32\NSI.dll
0x00007ff8880c0000 - 0x00007ff8880d9000 	C:\Windows\SYSTEM32\dhcpcsvc6.DLL
0x00007ff887ea0000 - 0x00007ff887ebf000 	C:\Windows\SYSTEM32\dhcpcsvc.DLL
0x00007ff88c590000 - 0x00007ff88c688000 	C:\Windows\SYSTEM32\DNSAPI.dll
0x00007ff882bc0000 - 0x00007ff882bc9000 	C:\Program Files\Eclipse Adoptium\jdk-17.0.19.10-hotspot\bin\extnet.dll
0x00007ff88d1b0000 - 0x00007ff88d1cb000 	C:\Windows\SYSTEM32\CRYPTSP.dll
0x00007ff88c9e0000 - 0x00007ff88ca17000 	C:\Windows\system32\rsaenh.dll
0x00007ff88d050000 - 0x00007ff88d078000 	C:\Windows\SYSTEM32\USERENV.dll
0x00007ff88d1d0000 - 0x00007ff88d1dc000 	C:\Windows\SYSTEM32\CRYPTBASE.dll
0x00007ff885530000 - 0x00007ff88553e000 	C:\Program Files\Eclipse Adoptium\jdk-17.0.19.10-hotspot\bin\sunmscapi.dll
0x00007ff88dbe0000 - 0x00007ff88dd48000 	C:\Windows\System32\CRYPT32.dll
0x00007ff88d370000 - 0x00007ff88d39e000 	C:\Windows\SYSTEM32\ncrypt.dll
0x00007ff88d330000 - 0x00007ff88d367000 	C:\Windows\SYSTEM32\NTASN1.dll
0x00007ff886100000 - 0x00007ff886108000 	C:\Windows\system32\wshunix.dll

dbghelp: loaded successfully - version: 4.0.5 - missing functions: none
symbol engine: initialized successfully - sym options: 0x614 - pdb path: .;C:\Program Files\Eclipse Adoptium\jdk-17.0.19.10-hotspot\bin;C:\Windows\SYSTEM32;C:\Windows\WinSxS\amd64_microsoft.windows.common-controls_6595b64144ccf1df_6.0.22621.6060_none_2712eda17382d24b;C:\Program Files\Eclipse Adoptium\jdk-17.0.19.10-hotspot\bin\server;C:\Users\ahmed.tharwat\.gradle\native\1def1411415f61bf3af743bc5b6707747c0891f09f0c88961ee8f79bc544acac\windows-amd64;C:\Users\ahmed.tharwat\.gradle\native\0.2.7\x86_64-windows-gnu

VM Arguments:
jvm_args: --add-opens=java.base/java.lang=ALL-UNNAMED --add-opens=java.base/java.lang.invoke=ALL-UNNAMED --add-opens=java.base/java.util=ALL-UNNAMED --add-opens=java.prefs/java.util.prefs=ALL-UNNAMED --add-exports=jdk.compiler/com.sun.tools.javac.api=ALL-UNNAMED --add-exports=jdk.compiler/com.sun.tools.javac.util=ALL-UNNAMED --add-opens=java.base/java.util=ALL-UNNAMED --add-opens=java.prefs/java.util.prefs=ALL-UNNAMED --add-opens=java.base/java.nio.charset=ALL-UNNAMED --add-opens=java.base/java.net=ALL-UNNAMED --add-opens=java.base/java.util.concurrent.atomic=ALL-UNNAMED --add-opens=java.xml/javax.xml.namespace=ALL-UNNAMED -XX:MaxMetaspaceSize=1024m -Xmx3072m -Dfile.encoding=windows-1256 -Duser.country=US -Duser.language=en -Duser.variant -javaagent:C:\Users\ahmed.tharwat\.gradle\wrapper\dists\gradle-8.14.5-all\35nx8qz1bzp5iljybogx6e5b9\gradle-8.14.5\lib\agents\gradle-instrumentation-agent-8.14.5.jar 
java_command: org.gradle.launcher.daemon.bootstrap.GradleDaemon 8.14.5
java_class_path (initial): C:\Users\ahmed.tharwat\.gradle\wrapper\dists\gradle-8.14.5-all\35nx8qz1bzp5iljybogx6e5b9\gradle-8.14.5\lib\gradle-daemon-main-8.14.5.jar
Launcher Type: SUN_STANDARD

[Global flags]
     intx CICompilerCount                          = 3                                         {product} {ergonomic}
   size_t CompressedClassSpaceSize                 = 872415232                                 {product} {ergonomic}
     uint ConcGCThreads                            = 2                                         {product} {ergonomic}
     uint G1ConcRefinementThreads                  = 6                                         {product} {ergonomic}
   size_t G1HeapRegionSize                         = 2097152                                   {product} {ergonomic}
    uintx GCDrainStackTargetSize                   = 64                                        {product} {ergonomic}
   size_t InitialHeapSize                          = 121634816                                 {product} {ergonomic}
   size_t MarkStackSize                            = 4194304                                   {product} {ergonomic}
   size_t MaxHeapSize                              = 3221225472                                {product} {command line}
   size_t MaxMetaspaceSize                         = 1073741824                                {product} {command line}
   size_t MaxNewSize                               = 1931476992                                {product} {ergonomic}
   size_t MinHeapDeltaBytes                        = 2097152                                   {product} {ergonomic}
   size_t MinHeapSize                              = 8388608                                   {product} {ergonomic}
    uintx NonNMethodCodeHeapSize                   = 5832780                                {pd product} {ergonomic}
    uintx NonProfiledCodeHeapSize                  = 122912730                              {pd product} {ergonomic}
    uintx ProfiledCodeHeapSize                     = 122912730                              {pd product} {ergonomic}
    uintx ReservedCodeCacheSize                    = 251658240                              {pd product} {ergonomic}
     bool SegmentedCodeCache                       = true                                      {product} {ergonomic}
   size_t SoftMaxHeapSize                          = 3221225472                             {manageable} {ergonomic}
     bool UseCompressedClassPointers               = true                           {product lp64_product} {ergonomic}
     bool UseCompressedOops                        = true                           {product lp64_product} {ergonomic}
     bool UseG1GC                                  = true                                      {product} {ergonomic}
     bool UseLargePagesIndividualAllocation        = false                                  {pd product} {ergonomic}

Logging:
Log output configuration:
 #0: stdout all=warning uptime,level,tags
 #1: stderr all=off uptime,level,tags

Environment Variables:
JAVA_HOME=C:\Program Files\Eclipse Adoptium\jdk-17.0.19.10-hotspot\
CLASSPATH=D:\purchasing\android\\gradle\wrapper\gradle-wrapper.jar
PATH=C:\Program Files\Eclipse Adoptium\jdk-17.0.19.10-hotspot\bin;D:\SDKs\flutter\flutter\bin\;C:\Program Files\Eclipse Adoptium\jdk-17.0.19.10-hotspot\bin;C:\Program Files\Common Files\Oracle\Java\javapath;C:\Windows\system32;C:\Windows;C:\Windows\System32\Wbem;C:\Windows\System32\WindowsPowerShell\v1.0\;C:\Windows\System32\OpenSSH\;C:\Program Files\Git\cmd;C:\Users\ahmed.tharwat\AppData\Local\Pub\Cache\bin;D:\SDKs\platform-tools;C:\Users\ahmed.tharwat\AppData\Local\Microsoft\WindowsApps;C:\Users\ahmed.tharwat\AppData\Local\Programs\Microsoft VS Code\bin;D:\SDKs\flutter\flutter\bin;c:\Users\ahmed.tharwat\.vscode\extensions\ms-python.debugpy-2026.6.0-win32-x64\bundled\scripts\noConfigScripts
USERNAME=ahmed.tharwat
LANG=en_US.UTF-8
OS=Windows_NT
PROCESSOR_IDENTIFIER=AMD64 Family 23 Model 96 Stepping 1, AuthenticAMD
TMP=C:\Users\AHMED~1.THA\AppData\Local\Temp
TEMP=C:\Users\AHMED~1.THA\AppData\Local\Temp



Periodic native trim disabled


---------------  S Y S T E M  ---------------

OS:
 Windows 11 , 64 bit Build 22621 (10.0.22621.5415)
OS uptime: 50 days 0:46 hours

CPU: total 6 (initial active 6) (6 cores per cpu, 1 threads per core) family 23 model 96 stepping 1 microcode 0x0, cx8, cmov, fxsr, mmx, 3dnowpref, sse, sse2, sse3, ssse3, sse4a, sse4.1, sse4.2, popcnt, lzcnt, tsc, tscinvbit, avx, avx2, aes, clmul, bmi1, bmi2, adx, sha, fma, vzeroupper, clflush, clflushopt
Processor Information for all 6 processors :
  Max Mhz: 2375, Current Mhz: 1700, Mhz Limit: 2375

Memory: 4k page, system-wide physical 7367M (438M free)
TotalPageFile size 19795M (AvailPageFile size 53M)
current process WorkingSet (physical memory assigned to process): 462M, peak: 544M
current process commit charge ("private bytes"): 616M, peak: 739M

vm_info: OpenJDK 64-Bit Server VM (17.0.19+10) for windows-amd64 JRE (17.0.19+10), built on Apr 25 2026 08:04:44 by "admin" with MS VC++ 17.12 (VS2022)

END.
